2023-11-19 16:55:56,094 [INFO] Activator:176 - 


2023-11-19 16:55:56,098 [INFO] Activator:177 - !SESSION log4j initialized
2023-11-19 16:56:00,251 [INFO] LogOutputStream:77 - [STDOUT_REDIRECT] 
2023-11-19 16:56:04,798 [INFO] ApplicationProperties:184 - Using Application install path: C:\ST\STM32CubeIDE_1.13.2\STM32CubeIDE\plugins\com.st.stm32cube.common.mx_6.9.2.202309101412
2023-11-19 16:56:04,829 [INFO] DbMcusXml:78 - Set database path to: C:\ST\STM32CubeIDE_1.13.2\STM32CubeIDE\plugins\com.st.stm32cube.common.mx_6.9.2.202309101412\\db\/mcu/
2023-11-19 16:56:04,830 [INFO] ApiDb:274 - Set plugin database path to: C:\ST\STM32CubeIDE_1.13.2\STM32CubeIDE\plugins\com.st.stm32cube.common.mx_6.9.2.202309101412\\db\/plugins/boardmanager/
2023-11-19 16:56:04,831 [WARN] ApiDb:259 - Overriding images path with different value:  => C:\ST\STM32CubeIDE_1.13.2\STM32CubeIDE\plugins\com.st.stm32cube.common.mx_6.9.2.202309101412\\db\/plugins/mcufinder/images/
2023-11-19 16:56:04,874 [INFO] ApiDb:250 - Set database path to: C:\Users\khale\.stmcufinder\plugins\mcufinder//mcu/
2023-11-19 16:56:04,877 [INFO] DbMcusAds:125 - Set database path to: C:\Users\khale\.stmcufinder\plugins\mcufinder//mcu/
2023-11-19 16:56:04,883 [INFO] CrossReferenceDbSqlite:203 - Set database path to: C:\Users\khale\.stmcufinder\plugins\mcufinder//mcu/cs/
2023-11-19 16:56:05,142 [INFO] RulesReader:64 - Compatibility file has been processed (293 Rules)
2023-11-19 16:56:05,323 [INFO] DbMcusXml:78 - Set database path to: C:\ST\STM32CubeIDE_1.13.2\STM32CubeIDE\plugins\com.st.stm32cube.common.mx_6.9.2.202309101412\\db\/mcu/
2023-11-19 16:56:05,323 [INFO] ApiDb:274 - Set plugin database path to: C:\ST\STM32CubeIDE_1.13.2\STM32CubeIDE\plugins\com.st.stm32cube.common.mx_6.9.2.202309101412\\db\/plugins/boardmanager/
2023-11-19 16:56:05,323 [INFO] ApiDb:261 - Set plugin images path to: C:\ST\STM32CubeIDE_1.13.2\STM32CubeIDE\plugins\com.st.stm32cube.common.mx_6.9.2.202309101412\\db\/plugins/mcufinder/images/
2023-11-19 16:56:05,324 [WARN] DbFile:41 - Overriding database path with different value: C:\Users\khale\.stmcufinder\plugins\mcufinder/ => C:\Users\khale\.stmcufinder\plugins\mcufinder
2023-11-19 16:56:05,324 [INFO] ApiDb:250 - Set database path to: C:\Users\khale\.stmcufinder\plugins\mcufinder//mcu/
2023-11-19 16:56:05,325 [WARN] DbFile:41 - Overriding database path with different value: C:\Users\khale\.stmcufinder\plugins\mcufinder/ => C:\Users\khale\.stmcufinder\plugins\mcufinder
2023-11-19 16:56:05,325 [INFO] DbMcusAds:125 - Set database path to: C:\Users\khale\.stmcufinder\plugins\mcufinder//mcu/
2023-11-19 16:56:05,325 [WARN] DbFile:41 - Overriding database path with different value: C:\Users\khale\.stmcufinder\plugins\mcufinder/ => C:\Users\khale\.stmcufinder\plugins\mcufinder
2023-11-19 16:56:05,325 [WARN] DbFile:41 - Overriding database path with different value: C:\Users\khale\.stmcufinder\plugins\mcufinder/ => C:\Users\khale\.stmcufinder\plugins\mcufinder
2023-11-19 16:56:05,326 [INFO] CrossReferenceDbSqlite:203 - Set database path to: C:\Users\khale\.stmcufinder\plugins\mcufinder//mcu/cs/
2023-11-19 16:56:05,487 [INFO] MainPanel:262 - HeapMemory: 268435456
2023-11-19 16:56:05,636 [INFO] DbMcusXml:78 - Set database path to: C:\ST\STM32CubeIDE_1.13.2\STM32CubeIDE\plugins\com.st.stm32cube.common.mx_6.9.2.202309101412\\db\/mcu/
2023-11-19 16:56:05,636 [INFO] ApiDb:274 - Set plugin database path to: C:\ST\STM32CubeIDE_1.13.2\STM32CubeIDE\plugins\com.st.stm32cube.common.mx_6.9.2.202309101412\\db\/plugins/boardmanager/
2023-11-19 16:56:05,636 [INFO] ApiDb:261 - Set plugin images path to: C:\ST\STM32CubeIDE_1.13.2\STM32CubeIDE\plugins\com.st.stm32cube.common.mx_6.9.2.202309101412\\db\/plugins/mcufinder/images/
2023-11-19 16:56:05,637 [WARN] DbFile:41 - Overriding database path with different value: C:\Users\khale\.stmcufinder\plugins\mcufinder/ => C:\Users\khale\.stmcufinder\plugins\mcufinder
2023-11-19 16:56:05,637 [INFO] ApiDb:250 - Set database path to: C:\Users\khale\.stmcufinder\plugins\mcufinder//mcu/
2023-11-19 16:56:05,637 [WARN] DbFile:41 - Overriding database path with different value: C:\Users\khale\.stmcufinder\plugins\mcufinder/ => C:\Users\khale\.stmcufinder\plugins\mcufinder
2023-11-19 16:56:05,638 [INFO] DbMcusAds:125 - Set database path to: C:\Users\khale\.stmcufinder\plugins\mcufinder//mcu/
2023-11-19 16:56:05,638 [WARN] DbFile:41 - Overriding database path with different value: C:\Users\khale\.stmcufinder\plugins\mcufinder/ => C:\Users\khale\.stmcufinder\plugins\mcufinder
2023-11-19 16:56:05,638 [WARN] DbFile:41 - Overriding database path with different value: C:\Users\khale\.stmcufinder\plugins\mcufinder/ => C:\Users\khale\.stmcufinder\plugins\mcufinder
2023-11-19 16:56:05,638 [INFO] CrossReferenceDbSqlite:203 - Set database path to: C:\Users\khale\.stmcufinder\plugins\mcufinder//mcu/cs/
2023-11-19 16:56:05,667 [INFO] ApplicationProperties:184 - Using Application install path: C:\ST\STM32CubeIDE_1.13.2\STM32CubeIDE\plugins\com.st.stm32cube.common.mx_6.9.2.202309101412
2023-11-19 16:56:05,669 [INFO] PluginManage:196 - Search for loadable plugins [exclusion list=, ]
2023-11-19 16:56:05,671 [INFO] PluginManage:310 - Check plugin analytics
2023-11-19 16:56:05,981 [INFO] AnalyticsPlugin:253 - Accepted Software Licenses: 
2023-11-19 16:56:05,981 [INFO] AnalyticsPlugin:255 - Accepted CMSIS Pack Licenses: 
2023-11-19 16:56:05,982 [INFO] AnalyticsPlugin:257 - Accepted Firmware Licenses: FW.F4.1.27.0
2023-11-19 16:56:05,987 [INFO] PluginManage:359 - Loaded plugin analytics (category:tool,tabindex:-1)
2023-11-19 16:56:05,988 [INFO] PluginManage:310 - Check plugin cadmodel
2023-11-19 16:56:05,995 [INFO] CADModel:105 - Init CAD model plugin
2023-11-19 16:56:05,996 [INFO] PluginManage:359 - Loaded plugin cadmodel (category:power,tabindex:5)
2023-11-19 16:56:05,996 [INFO] PluginManage:310 - Check plugin clock
2023-11-19 16:56:06,016 [INFO] PluginManage:359 - Loaded plugin clock (category:base,tabindex:2)
2023-11-19 16:56:06,017 [INFO] PluginManage:310 - Check plugin ddr
2023-11-19 16:56:06,021 [INFO] PluginManage:359 - Loaded plugin ddr (category:tool,tabindex:6)
2023-11-19 16:56:06,022 [INFO] PluginManage:310 - Check plugin filemanager
2023-11-19 16:56:06,285 [INFO] PluginManage:359 - Loaded plugin filemanager (category:base,tabindex:10)
2023-11-19 16:56:06,286 [INFO] PluginManage:310 - Check plugin ipmanager
2023-11-19 16:56:06,306 [INFO] PluginManage:359 - Loaded plugin ipmanager (category:base,tabindex:5)
2023-11-19 16:56:06,306 [INFO] PluginManage:310 - Check plugin lpbam
2023-11-19 16:56:06,328 [INFO] PluginManage:359 - Loaded plugin lpbam (category:base,tabindex:0)
2023-11-19 16:56:06,328 [INFO] PluginManage:310 - Check plugin memorymap
2023-11-19 16:56:06,361 [INFO] PluginManage:359 - Loaded plugin memorymap (category:base,tabindex:4)
2023-11-19 16:56:06,362 [INFO] PluginManage:310 - Check plugin pinoutandconfiguration
2023-11-19 16:56:06,380 [INFO] PluginManage:359 - Loaded plugin pinoutandconfiguration (category:base,tabindex:1)
2023-11-19 16:56:06,381 [INFO] PluginManage:310 - Check plugin pinoutconfig
2023-11-19 16:56:06,601 [WARN] SupportedApi:132 - Cannot load RTOS API schema: s4s-elt-must-match.1: The content of 'definitions' must match (annotation?, (simpleType | complexType)?, (unique | key | keyref)*)). A problem was found starting at: attribute.
2023-11-19 16:56:07,085 [INFO] PluginManage:359 - Loaded plugin pinoutconfig (category:base,tabindex:0)
2023-11-19 16:56:07,086 [INFO] PluginManage:310 - Check plugin power
2023-11-19 16:56:07,109 [INFO] PluginManage:359 - Loaded plugin power (category:power,tabindex:4)
2023-11-19 16:56:07,109 [INFO] PluginManage:310 - Check plugin projectmanager
2023-11-19 16:56:07,174 [INFO] PluginManage:359 - Loaded plugin projectmanager (category:projectmanager,tabindex:3)
2023-11-19 16:56:07,176 [INFO] PluginManage:310 - Check plugin thirdparty
2023-11-19 16:56:07,501 [INFO] PluginManage:359 - Loaded plugin thirdparty (category:base,tabindex:-1)
2023-11-19 16:56:07,501 [INFO] PluginManage:310 - Check plugin tools
2023-11-19 16:56:07,507 [INFO] PluginManage:359 - Loaded plugin tools (category:base,tabindex:7)
2023-11-19 16:56:07,509 [INFO] PluginManage:310 - Check plugin tutovideos
2023-11-19 16:56:07,527 [WARN] IntegrityCheckThread:84 - waiting for thirdparty lock release [integrity check]
2023-11-19 16:56:07,528 [INFO] IntegrityCheckThread:86 - entering critical section [integrity check]
2023-11-19 16:56:07,529 [INFO] ThirdPartyUpdaterWithRetryManager:70 - Updater plugin not ready yet. [1/15]
2023-11-19 16:56:07,801 [INFO] PluginManage:359 - Loaded plugin tutovideos (category:base,tabindex:-1)
2023-11-19 16:56:07,801 [INFO] PluginManage:310 - Check plugin updater
2023-11-19 16:56:07,818 [INFO] PluginManage:359 - Loaded plugin updater (category:base,tabindex:12)
2023-11-19 16:56:07,819 [INFO] PluginManage:310 - Check plugin userauth
2023-11-19 16:56:07,827 [INFO] UserAuth:113 - Init User Auth plugin
2023-11-19 16:56:07,827 [INFO] PluginManage:359 - Loaded plugin userauth (category:base,tabindex:14)
2023-11-19 16:56:07,828 [INFO] PluginManage:283 - PluginManage : Loaded plugins [17]
2023-11-19 16:56:08,320 [INFO] PinOutPanel:1499 - setPackage(No Configuration,No Configuration)
2023-11-19 16:56:08,642 [INFO] CADModel:165 - CPN selected for project level
2023-11-19 16:56:08,642 [INFO] CADModel:114 - Register for checkConnection events
2023-11-19 16:56:08,682 [INFO] IPUIPlugin:80 - create IPUIPlugin
2023-11-19 16:56:08,682 [INFO] PluginManager:220 - loadIPPluginJar : add adc
2023-11-19 16:56:08,690 [INFO] IPUIPlugin:80 - create IPUIPlugin
2023-11-19 16:56:08,691 [INFO] PluginManager:220 - loadIPPluginJar : add aes
2023-11-19 16:56:08,697 [INFO] IPUIPlugin:80 - create IPUIPlugin
2023-11-19 16:56:08,698 [INFO] PluginManager:220 - loadIPPluginJar : add can
2023-11-19 16:56:08,707 [INFO] IPUIPlugin:80 - create IPUIPlugin
2023-11-19 16:56:08,709 [INFO] PluginManager:220 - loadIPPluginJar : add comp
2023-11-19 16:56:08,715 [INFO] IPUIPlugin:80 - create IPUIPlugin
2023-11-19 16:56:08,716 [INFO] PluginManager:220 - loadIPPluginJar : add cryp
2023-11-19 16:56:08,729 [INFO] IPUIPlugin:80 - create IPUIPlugin
2023-11-19 16:56:08,729 [INFO] PluginManager:220 - loadIPPluginJar : add dfsdm
2023-11-19 16:56:08,743 [INFO] IPUIPlugin:80 - create IPUIPlugin
2023-11-19 16:56:08,744 [INFO] PluginManager:220 - loadIPPluginJar : add dma
2023-11-19 16:56:08,750 [INFO] IPUIPlugin:80 - create IPUIPlugin
2023-11-19 16:56:08,750 [INFO] PluginManager:220 - loadIPPluginJar : add dma3
2023-11-19 16:56:08,755 [INFO] IPUIPlugin:80 - create IPUIPlugin
2023-11-19 16:56:08,755 [INFO] PluginManager:220 - loadIPPluginJar : add fatfs
2023-11-19 16:56:08,765 [INFO] IPUIPlugin:80 - create IPUIPlugin
2023-11-19 16:56:08,766 [INFO] PluginManager:220 - loadIPPluginJar : add fmc
2023-11-19 16:56:08,777 [INFO] IPUIPlugin:80 - create IPUIPlugin
2023-11-19 16:56:08,778 [INFO] PluginManager:220 - loadIPPluginJar : add freertos
2023-11-19 16:56:08,781 [INFO] IPUIPlugin:80 - create IPUIPlugin
2023-11-19 16:56:08,781 [INFO] PluginManager:220 - loadIPPluginJar : add genericplugin
2023-11-19 16:56:08,785 [INFO] IPUIPlugin:80 - create IPUIPlugin
2023-11-19 16:56:08,786 [INFO] PluginManager:220 - loadIPPluginJar : add gfxmmu
2023-11-19 16:56:08,799 [INFO] IPUIPlugin:80 - create IPUIPlugin
2023-11-19 16:56:08,799 [INFO] PluginManager:220 - loadIPPluginJar : add gic
2023-11-19 16:56:08,809 [INFO] IPUIPlugin:80 - create IPUIPlugin
2023-11-19 16:56:08,809 [INFO] PluginManager:220 - loadIPPluginJar : add gpio
2023-11-19 16:56:08,816 [INFO] IPUIPlugin:80 - create IPUIPlugin
2023-11-19 16:56:08,816 [INFO] PluginManager:220 - loadIPPluginJar : add gtzc
2023-11-19 16:56:08,823 [INFO] IPUIPlugin:80 - create IPUIPlugin
2023-11-19 16:56:08,824 [INFO] PluginManager:220 - loadIPPluginJar : add hash
2023-11-19 16:56:08,829 [INFO] IPUIPlugin:80 - create IPUIPlugin
2023-11-19 16:56:08,830 [INFO] PluginManager:220 - loadIPPluginJar : add i2c
2023-11-19 16:56:08,835 [INFO] IPUIPlugin:80 - create IPUIPlugin
2023-11-19 16:56:08,835 [INFO] PluginManager:220 - loadIPPluginJar : add i2s
2023-11-19 16:56:08,844 [INFO] IPUIPlugin:80 - create IPUIPlugin
2023-11-19 16:56:08,845 [INFO] PluginManager:220 - loadIPPluginJar : add i3c
2023-11-19 16:56:08,851 [INFO] IPUIPlugin:80 - create IPUIPlugin
2023-11-19 16:56:08,852 [INFO] PluginManager:220 - loadIPPluginJar : add ipddr
2023-11-19 16:56:08,866 [INFO] IPUIPlugin:80 - create IPUIPlugin
2023-11-19 16:56:08,866 [INFO] PluginManager:220 - loadIPPluginJar : add linkedlist
2023-11-19 16:56:08,874 [INFO] IPUIPlugin:80 - create IPUIPlugin
2023-11-19 16:56:08,874 [INFO] PluginManager:220 - loadIPPluginJar : add lorawan
2023-11-19 16:56:08,878 [INFO] IPUIPlugin:80 - create IPUIPlugin
2023-11-19 16:56:08,878 [INFO] PluginManager:220 - loadIPPluginJar : add ltdc
2023-11-19 16:56:08,893 [INFO] IPUIPlugin:80 - create IPUIPlugin
2023-11-19 16:56:08,894 [INFO] PluginManager:220 - loadIPPluginJar : add mdma
2023-11-19 16:56:08,901 [INFO] IPUIPlugin:80 - create IPUIPlugin
2023-11-19 16:56:08,901 [INFO] PluginManager:220 - loadIPPluginJar : add nvic
2023-11-19 16:56:08,910 [INFO] IPUIPlugin:80 - create IPUIPlugin
2023-11-19 16:56:08,910 [INFO] PluginManager:220 - loadIPPluginJar : add opamp
2023-11-19 16:56:08,917 [INFO] IPUIPlugin:80 - create IPUIPlugin
2023-11-19 16:56:08,918 [INFO] PluginManager:220 - loadIPPluginJar : add openamp
2023-11-19 16:56:08,927 [INFO] IPUIPlugin:80 - create IPUIPlugin
2023-11-19 16:56:08,927 [INFO] PluginManager:220 - loadIPPluginJar : add pdm2pcm
2023-11-19 16:56:08,941 [INFO] IPUIPlugin:80 - create IPUIPlugin
2023-11-19 16:56:08,945 [INFO] PluginManager:220 - loadIPPluginJar : add plateformsettings
2023-11-19 16:56:08,949 [INFO] IPUIPlugin:80 - create IPUIPlugin
2023-11-19 16:56:08,949 [INFO] PluginManager:220 - loadIPPluginJar : add quadspi
2023-11-19 16:56:08,956 [INFO] IPUIPlugin:80 - create IPUIPlugin
2023-11-19 16:56:08,957 [INFO] PluginManager:220 - loadIPPluginJar : add resmgrutility
2023-11-19 16:56:08,963 [INFO] IPUIPlugin:80 - create IPUIPlugin
2023-11-19 16:56:08,963 [INFO] PluginManager:220 - loadIPPluginJar : add sai
2023-11-19 16:56:08,968 [INFO] IPUIPlugin:80 - create IPUIPlugin
2023-11-19 16:56:08,969 [INFO] PluginManager:220 - loadIPPluginJar : add spi
2023-11-19 16:56:08,980 [INFO] IPUIPlugin:80 - create IPUIPlugin
2023-11-19 16:56:08,980 [INFO] PluginManager:220 - loadIPPluginJar : add stm32_wpan
2023-11-19 16:56:08,984 [INFO] IPUIPlugin:80 - create IPUIPlugin
2023-11-19 16:56:08,984 [INFO] PluginManager:220 - loadIPPluginJar : add tim
2023-11-19 16:56:08,990 [INFO] IPUIPlugin:80 - create IPUIPlugin
2023-11-19 16:56:08,991 [INFO] PluginManager:220 - loadIPPluginJar : add touchsensing
2023-11-19 16:56:08,994 [INFO] IPUIPlugin:80 - create IPUIPlugin
2023-11-19 16:56:08,994 [INFO] PluginManager:220 - loadIPPluginJar : add tracer_emb
2023-11-19 16:56:08,997 [INFO] IPUIPlugin:80 - create IPUIPlugin
2023-11-19 16:56:08,997 [INFO] PluginManager:220 - loadIPPluginJar : add ts
2023-11-19 16:56:09,001 [INFO] IPUIPlugin:80 - create IPUIPlugin
2023-11-19 16:56:09,001 [INFO] PluginManager:220 - loadIPPluginJar : add tsc
2023-11-19 16:56:09,007 [INFO] IPUIPlugin:80 - create IPUIPlugin
2023-11-19 16:56:09,007 [INFO] PluginManager:220 - loadIPPluginJar : add ucpd
2023-11-19 16:56:09,012 [INFO] IPUIPlugin:80 - create IPUIPlugin
2023-11-19 16:56:09,012 [INFO] PluginManager:220 - loadIPPluginJar : add usart
2023-11-19 16:56:09,017 [INFO] IPUIPlugin:80 - create IPUIPlugin
2023-11-19 16:56:09,017 [INFO] PluginManager:220 - loadIPPluginJar : add usbx
2023-11-19 16:56:09,202 [INFO] CADModel:165 - CPN selected for project level
2023-11-19 16:56:09,202 [INFO] CADModel:114 - Register for checkConnection events
2023-11-19 16:56:09,204 [FATAL] Updater:308 - Updater called before beeing initialized
2023-11-19 16:56:09,205 [ERROR] CADModel:125 - Updater not yet initialized, retry later 
2023-11-19 16:56:09,440 [INFO] CADModel:165 - CPN selected for project level
2023-11-19 16:56:09,440 [INFO] CADModel:114 - Register for checkConnection events
2023-11-19 16:56:09,441 [FATAL] Updater:308 - Updater called before beeing initialized
2023-11-19 16:56:09,441 [ERROR] CADModel:125 - Updater not yet initialized, retry later 
2023-11-19 16:56:09,446 [FATAL] Updater:308 - Updater called before beeing initialized
2023-11-19 16:56:09,696 [FATAL] Updater:308 - Updater called before beeing initialized
2023-11-19 16:56:09,711 [INFO] DbMcusAds:53 - JSON generation date=Tue Mar 07 10:50:55 EET 2023 (1678179055335)
2023-11-19 16:56:09,711 [FATAL] Updater:308 - Updater called before beeing initialized
2023-11-19 16:56:09,800 [WARN] DetailPanel:346 - Failed to get advertising image, set to default
2023-11-19 16:56:09,976 [FATAL] Updater:308 - Updater called before beeing initialized
2023-11-19 16:56:09,978 [FATAL] Updater:308 - Updater called before beeing initialized
2023-11-19 16:56:09,978 [FATAL] Updater:308 - Updater called before beeing initialized
2023-11-19 16:56:09,978 [WARN] DetailPanel:346 - Failed to get advertising image, set to default
2023-11-19 16:56:09,980 [FATAL] Updater:308 - Updater called before beeing initialized
2023-11-19 16:56:10,071 [ERROR] Updater:1120 - MainUpdater not yet initialized. External WinMGr cannot be set.
2023-11-19 16:56:10,075 [INFO] Updater:1056 - Updater Version found : 6.9.2
2023-11-19 16:56:10,103 [INFO] ApplicationProperties:184 - Using Application install path: C:\ST\STM32CubeIDE_1.13.2\STM32CubeIDE\plugins\com.st.stm32cube.common.mx_6.9.2.202309101412
2023-11-19 16:56:10,332 [INFO] MainUpdater:2868 - connection check result : 10
2023-11-19 16:56:10,333 [INFO] MainUpdater:285 - Updater Check For Update Now.
2023-11-19 16:56:10,334 [INFO] MicroXplorer:498 - Change Database Version : DB.6.0.92
2023-11-19 16:56:10,345 [INFO] McuFinderGlobals:63 - Set McuFinder mode to 2 (CubeIDE integrated)
2023-11-19 16:56:10,533 [WARN] MainUpdater:1189 - Updater busy. Cannot search thirdparties
2023-11-19 16:56:10,535 [INFO] ThirdPartyUpdaterWithRetryManager:96 - Updater plugin is busy. [1/15]
2023-11-19 16:56:10,670 [INFO] CheckServerUpdateThread:120 - End of CheckServer Thread
2023-11-19 16:56:13,828 [WARN] PackLoader:240 - Cannot read IP mode file for STMicroelectronics.X-CUBE-SMBUS.2.1.0
2023-11-19 16:56:13,969 [WARN] PackLoader:240 - Cannot read IP mode file for STMicroelectronics.X-CUBE-AZRTOS-F7.1.1.0
2023-11-19 16:56:14,010 [WARN] PackLoader:240 - Cannot read IP mode file for STMicroelectronics.FP-SNS-MOTENV1.4.3.2
2023-11-19 16:56:14,036 [WARN] PackLoader:240 - Cannot read IP mode file for STMicroelectronics.X-CUBE-BLE1.6.2.4
2023-11-19 16:56:14,047 [WARN] PackLoader:240 - Cannot read IP mode file for STMicroelectronics.FP-SNS-FLIGHT1.5.0.2
2023-11-19 16:56:14,073 [WARN] PackLoader:240 - Cannot read IP mode file for STMicroelectronics.X-CUBE-DISPLAY.3.0.0
2023-11-19 16:56:14,102 [WARN] PackLoader:240 - Cannot read IP mode file for STMicroelectronics.X-CUBE-BLE1.7.0.0
2023-11-19 16:56:14,119 [WARN] PackLoader:240 - Cannot read IP mode file for emotas.I-CUBE-CANOPEN.1.3.0
2023-11-19 16:56:14,129 [WARN] PackLoader:240 - Cannot read IP mode file for STMicroelectronics.X-CUBE-TOUCHGFX.4.22.0
2023-11-19 16:56:14,135 [WARN] PackLoader:240 - Cannot read IP mode file for STMicroelectronics.X-CUBE-TOUCHGFX.4.22.1
2023-11-19 16:56:14,147 [WARN] PackLoader:240 - Cannot read IP mode file for STMicroelectronics.FP-SNS-SMARTAG2.1.2.0
2023-11-19 16:56:14,180 [INFO] LogOutputStream:77 - [STDOUT_REDIRECT] 1 : Invalid condition id : UX_CORESTACK_Condition cause : null
2023-11-19 16:56:14,182 [INFO] LogOutputStream:77 - [STDOUT_REDIRECT] 1 : Invalid condition id : UX_CORESTACK_Condition cause : null
2023-11-19 16:56:14,185 [INFO] LogOutputStream:77 - [STDOUT_REDIRECT] 1 : Invalid condition id : UX_CORESTACK_Condition cause : null
2023-11-19 16:56:14,188 [INFO] LogOutputStream:77 - [STDOUT_REDIRECT] 1 : Invalid condition id : UX_CORESTACK_Condition cause : null
2023-11-19 16:56:14,191 [INFO] LogOutputStream:77 - [STDOUT_REDIRECT] 1 : Invalid condition id : UX_CORESTACK_Condition cause : null
2023-11-19 16:56:14,206 [WARN] PackLoader:240 - Cannot read IP mode file for STMicroelectronics.X-CUBE-AZRTOS-WL.2.0.0
2023-11-19 16:56:14,229 [WARN] PackLoader:240 - Cannot read IP mode file for WES.I-CUBE-Cesium.1.3.0
2023-11-19 16:56:14,245 [WARN] PackLoader:240 - Cannot read IP mode file for STMicroelectronics.X-CUBE-BLE2.3.3.0
2023-11-19 16:56:14,263 [WARN] PackLoader:240 - Cannot read IP mode file for STMicroelectronics.X-CUBE-ALGOBUILD.1.3.0
2023-11-19 16:56:14,321 [WARN] PackLoader:240 - Cannot read IP mode file for STMicroelectronics.X-CUBE-AZRTOS-G0.1.1.0
2023-11-19 16:56:14,361 [WARN] PackLoader:240 - Cannot read IP mode file for STMicroelectronics.X-CUBE-NFC4.3.0.0
2023-11-19 16:56:14,393 [WARN] PackLoader:240 - Cannot read IP mode file for STMicroelectronics.X-CUBE-BLEMGR.3.0.0
2023-11-19 16:56:14,408 [WARN] PackLoader:240 - Cannot read IP mode file for STMicroelectronics.FP-ATR-SIGFOX1.3.2.0
2023-11-19 16:56:14,504 [WARN] PackLoader:240 - Cannot read IP mode file for SEGGER.I-CUBE-embOS.1.3.1
2023-11-19 16:56:14,623 [WARN] PackLoader:240 - Cannot read IP mode file for STMicroelectronics.X-CUBE-GNSS1.6.0.0
2023-11-19 16:56:14,662 [WARN] PackLoader:240 - Cannot read IP mode file for STMicroelectronics.X-CUBE-AZRTOS-F4.1.1.0
2023-11-19 16:56:14,676 [WARN] PackLoader:240 - Cannot read IP mode file for wolfSSL.I-CUBE-wolfSSL.5.6.3
2023-11-19 16:56:14,761 [WARN] PackLoader:240 - Cannot read IP mode file for STMicroelectronics.X-CUBE-AZRTOS-L5.2.0.0
2023-11-19 16:56:14,924 [WARN] PackLoader:240 - Cannot read IP mode file for STMicroelectronics.X-CUBE-MEMS1.9.6.0
2023-11-19 16:56:15,358 [WARN] PackLoader:240 - Cannot read IP mode file for STMicroelectronics.X-CUBE-EEPRMA1.4.2.0
2023-11-19 16:56:15,368 [WARN] PackLoader:240 - Cannot read IP mode file for ITTIA_DB.I-CUBE-ITTIADB.8.8.0
2023-11-19 16:56:15,390 [WARN] PackLoader:240 - Cannot read IP mode file for STMicroelectronics.X-CUBE-BLEMGR.2.0.0
2023-11-19 16:56:15,417 [WARN] ConditionMgr:438 - getConditionDescription Invalid condition id : UX DEVICE CLASS RTOS Condition cause : null
2023-11-19 16:56:15,417 [WARN] ConditionMgr:438 - getConditionDescription Invalid condition id : UX DEVICE CLASS RTOS Condition cause : null
2023-11-19 16:56:15,435 [WARN] PackLoader:240 - Cannot read IP mode file for STMicroelectronics.X-CUBE-AZRTOS-H7.3.1.0
2023-11-19 16:56:15,439 [WARN] ConditionMgr:1039 - genDependencies : Invalid condition id : UX DEVICE CLASS RTOS Condition cause : null
2023-11-19 16:56:15,440 [WARN] ConditionMgr:1039 - genDependencies : Invalid condition id : UX DEVICE CLASS RTOS Condition cause : null
2023-11-19 16:56:15,444 [WARN] ConditionMgr:1039 - genDependencies : Invalid condition id : UX DEVICE CLASS RTOS Condition cause : null
2023-11-19 16:56:15,445 [WARN] ConditionMgr:1039 - genDependencies : Invalid condition id : UX DEVICE CLASS RTOS Condition cause : null
2023-11-19 16:56:15,445 [WARN] ConditionMgr:1039 - genDependencies : Invalid condition id : UX DEVICE CLASS RTOS Condition cause : null
2023-11-19 16:56:15,457 [WARN] PackLoader:240 - Cannot read IP mode file for STMicroelectronics.X-CUBE-NFC7.1.0.1
2023-11-19 16:56:15,469 [WARN] PackLoader:240 - Cannot read IP mode file for STMicroelectronics.X-CUBE-NFC6.3.0.0
2023-11-19 16:56:15,478 [WARN] PackLoader:240 - Cannot read IP mode file for STMicroelectronics.X-CUBE-EEPRMA1.4.1.0
2023-11-19 16:56:15,486 [WARN] PackLoader:240 - Cannot read IP mode file for STMicroelectronics.X-CUBE-AI.8.1.0
2023-11-19 16:56:15,526 [WARN] ConditionMgr:438 - getConditionDescription Invalid condition id : LAN8742 Phy interface Condition cause : null
2023-11-19 16:56:15,527 [WARN] PackLoader:240 - Cannot read IP mode file for STMicroelectronics.X-CUBE-AZRTOS-L4.2.0.0
2023-11-19 16:56:15,530 [WARN] ConditionMgr:1039 - genDependencies : Invalid condition id : LAN8742 Phy interface Condition cause : null
2023-11-19 16:56:15,531 [WARN] ConditionMgr:1039 - genDependencies : Invalid condition id : LAN8742 Phy interface Condition cause : null
2023-11-19 16:56:15,532 [WARN] ConditionMgr:1039 - genDependencies : Invalid condition id : LAN8742 Phy interface Condition cause : null
2023-11-19 16:56:15,549 [WARN] PackLoader:240 - Cannot read IP mode file for STMicroelectronics.X-CUBE-SFXS2LP1.4.0.0
2023-11-19 16:56:15,562 [WARN] PackLoader:240 - Cannot read IP mode file for STMicroelectronics.X-CUBE-ISPU.1.1.0
2023-11-19 16:56:15,589 [WARN] ConditionMgr:438 - getConditionDescription Invalid condition id : UX DEVICE CLASS RTOS Condition cause : null
2023-11-19 16:56:15,590 [WARN] ConditionMgr:438 - getConditionDescription Invalid condition id : UX DEVICE CLASS RTOS Condition cause : null
2023-11-19 16:56:15,595 [WARN] PackLoader:240 - Cannot read IP mode file for STMicroelectronics.X-CUBE-AZRTOS-WB.2.0.0
2023-11-19 16:56:15,596 [WARN] ConditionMgr:1039 - genDependencies : Invalid condition id : UX DEVICE CLASS RTOS Condition cause : null
2023-11-19 16:56:15,596 [WARN] ConditionMgr:1039 - genDependencies : Invalid condition id : UX DEVICE CLASS RTOS Condition cause : null
2023-11-19 16:56:15,598 [WARN] ConditionMgr:1039 - genDependencies : Invalid condition id : UX DEVICE CLASS RTOS Condition cause : null
2023-11-19 16:56:15,598 [WARN] ConditionMgr:1039 - genDependencies : Invalid condition id : UX DEVICE CLASS RTOS Condition cause : null
2023-11-19 16:56:15,599 [WARN] ConditionMgr:1039 - genDependencies : Invalid condition id : UX DEVICE CLASS RTOS Condition cause : null
2023-11-19 16:56:15,608 [WARN] PackLoader:240 - Cannot read IP mode file for STMicroelectronics.X-CUBE-FREERTOS.1.0.1
2023-11-19 16:56:15,639 [WARN] PackLoader:240 - Cannot read IP mode file for STMicroelectronics.X-CUBE-AZRTOS-L5.1.1.0
2023-11-19 16:56:15,650 [WARN] PackLoader:240 - Cannot read IP mode file for STMicroelectronics.X-CUBE-AI.8.0.1
2023-11-19 16:56:15,668 [WARN] PackLoader:240 - Cannot read IP mode file for STMicroelectronics.X-CUBE-SUBG2.5.0.0
2023-11-19 16:56:15,688 [WARN] PackLoader:240 - Cannot read IP mode file for STMicroelectronics.X-CUBE-TOF1.3.3.1
2023-11-19 16:56:15,806 [WARN] PackLoader:240 - Cannot read IP mode file for STMicroelectronics.X-CUBE-AZRTOS-G4.2.0.0
2023-11-19 16:56:15,866 [WARN] PackLoader:240 - Cannot read IP mode file for Infineon.AIROC-Wi-Fi-Bluetooth-STM32.1.5.1
2023-11-19 16:56:15,886 [WARN] PackLoader:240 - Cannot read IP mode file for STMicroelectronics.FP-SNS-MOTENVWB1.1.3.0
2023-11-19 16:56:16,173 [WARN] PackLoader:240 - Cannot read IP mode file for STMicroelectronics.X-CUBE-MEMS1.10.0.0
2023-11-19 16:56:16,543 [WARN] PackLoader:240 - Cannot read IP mode file for STMicroelectronics.X-CUBE-FREERTOS.1.1.0
2023-11-19 16:56:16,558 [WARN] PackLoader:240 - Cannot read IP mode file for portGmbH.I-Cube-SoM-uGOAL.1.1.0
2023-11-19 16:56:16,569 [WARN] PackLoader:240 - Cannot read IP mode file for STMicroelectronics.X-CUBE-ALS.1.0.1
2023-11-19 16:56:16,599 [WARN] PackLoader:240 - Cannot read IP mode file for STMicroelectronics.X-CUBE-AZRTOS-WB.1.1.0
2023-11-19 16:56:16,607 [WARN] PackLoader:240 - Cannot read IP mode file for STMicroelectronics.FP-ATR-ASTRA1.2.0.0
2023-11-19 16:56:16,610 [INFO] ThirdParty:978 - Integrity check success = true
2023-11-19 16:56:16,610 [INFO] IntegrityCheckThread:100 - exiting critical section [integrity check]
2023-11-19 16:56:16,611 [INFO] IntegrityCheckThread:103 - End integrity checks thread
2023-11-19 16:56:44,134 [INFO] Activator:176 - 


2023-11-19 16:56:44,139 [INFO] Activator:177 - !SESSION log4j initialized
2023-11-19 16:56:49,618 [INFO] LogOutputStream:77 - [STDOUT_REDIRECT] 
2023-11-19 16:56:54,080 [INFO] ApplicationProperties:184 - Using Application install path: C:\ST\STM32CubeIDE_1.13.2\STM32CubeIDE\plugins\com.st.stm32cube.common.mx_6.9.2.202309101412
2023-11-19 16:56:54,118 [INFO] DbMcusXml:78 - Set database path to: C:\ST\STM32CubeIDE_1.13.2\STM32CubeIDE\plugins\com.st.stm32cube.common.mx_6.9.2.202309101412\\db\/mcu/
2023-11-19 16:56:54,119 [INFO] ApiDb:274 - Set plugin database path to: C:\ST\STM32CubeIDE_1.13.2\STM32CubeIDE\plugins\com.st.stm32cube.common.mx_6.9.2.202309101412\\db\/plugins/boardmanager/
2023-11-19 16:56:54,120 [WARN] ApiDb:259 - Overriding images path with different value:  => C:\ST\STM32CubeIDE_1.13.2\STM32CubeIDE\plugins\com.st.stm32cube.common.mx_6.9.2.202309101412\\db\/plugins/mcufinder/images/
2023-11-19 16:56:54,144 [INFO] ApiDb:250 - Set database path to: C:\Users\khale\.stmcufinder\plugins\mcufinder//mcu/
2023-11-19 16:56:54,146 [INFO] DbMcusAds:125 - Set database path to: C:\Users\khale\.stmcufinder\plugins\mcufinder//mcu/
2023-11-19 16:56:54,151 [INFO] CrossReferenceDbSqlite:203 - Set database path to: C:\Users\khale\.stmcufinder\plugins\mcufinder//mcu/cs/
2023-11-19 16:56:54,433 [INFO] RulesReader:64 - Compatibility file has been processed (293 Rules)
2023-11-19 16:56:54,625 [INFO] DbMcusXml:78 - Set database path to: C:\ST\STM32CubeIDE_1.13.2\STM32CubeIDE\plugins\com.st.stm32cube.common.mx_6.9.2.202309101412\\db\/mcu/
2023-11-19 16:56:54,625 [INFO] ApiDb:274 - Set plugin database path to: C:\ST\STM32CubeIDE_1.13.2\STM32CubeIDE\plugins\com.st.stm32cube.common.mx_6.9.2.202309101412\\db\/plugins/boardmanager/
2023-11-19 16:56:54,626 [INFO] ApiDb:261 - Set plugin images path to: C:\ST\STM32CubeIDE_1.13.2\STM32CubeIDE\plugins\com.st.stm32cube.common.mx_6.9.2.202309101412\\db\/plugins/mcufinder/images/
2023-11-19 16:56:54,627 [WARN] DbFile:41 - Overriding database path with different value: C:\Users\khale\.stmcufinder\plugins\mcufinder/ => C:\Users\khale\.stmcufinder\plugins\mcufinder
2023-11-19 16:56:54,627 [INFO] ApiDb:250 - Set database path to: C:\Users\khale\.stmcufinder\plugins\mcufinder//mcu/
2023-11-19 16:56:54,628 [WARN] DbFile:41 - Overriding database path with different value: C:\Users\khale\.stmcufinder\plugins\mcufinder/ => C:\Users\khale\.stmcufinder\plugins\mcufinder
2023-11-19 16:56:54,628 [INFO] DbMcusAds:125 - Set database path to: C:\Users\khale\.stmcufinder\plugins\mcufinder//mcu/
2023-11-19 16:56:54,628 [WARN] DbFile:41 - Overriding database path with different value: C:\Users\khale\.stmcufinder\plugins\mcufinder/ => C:\Users\khale\.stmcufinder\plugins\mcufinder
2023-11-19 16:56:54,629 [WARN] DbFile:41 - Overriding database path with different value: C:\Users\khale\.stmcufinder\plugins\mcufinder/ => C:\Users\khale\.stmcufinder\plugins\mcufinder
2023-11-19 16:56:54,629 [INFO] CrossReferenceDbSqlite:203 - Set database path to: C:\Users\khale\.stmcufinder\plugins\mcufinder//mcu/cs/
2023-11-19 16:56:54,792 [INFO] MainPanel:262 - HeapMemory: 268435456
2023-11-19 16:56:54,895 [INFO] DbMcusXml:78 - Set database path to: C:\ST\STM32CubeIDE_1.13.2\STM32CubeIDE\plugins\com.st.stm32cube.common.mx_6.9.2.202309101412\\db\/mcu/
2023-11-19 16:56:54,896 [INFO] ApiDb:274 - Set plugin database path to: C:\ST\STM32CubeIDE_1.13.2\STM32CubeIDE\plugins\com.st.stm32cube.common.mx_6.9.2.202309101412\\db\/plugins/boardmanager/
2023-11-19 16:56:54,896 [INFO] ApiDb:261 - Set plugin images path to: C:\ST\STM32CubeIDE_1.13.2\STM32CubeIDE\plugins\com.st.stm32cube.common.mx_6.9.2.202309101412\\db\/plugins/mcufinder/images/
2023-11-19 16:56:54,896 [WARN] DbFile:41 - Overriding database path with different value: C:\Users\khale\.stmcufinder\plugins\mcufinder/ => C:\Users\khale\.stmcufinder\plugins\mcufinder
2023-11-19 16:56:54,897 [INFO] ApiDb:250 - Set database path to: C:\Users\khale\.stmcufinder\plugins\mcufinder//mcu/
2023-11-19 16:56:54,897 [WARN] DbFile:41 - Overriding database path with different value: C:\Users\khale\.stmcufinder\plugins\mcufinder/ => C:\Users\khale\.stmcufinder\plugins\mcufinder
2023-11-19 16:56:54,897 [INFO] DbMcusAds:125 - Set database path to: C:\Users\khale\.stmcufinder\plugins\mcufinder//mcu/
2023-11-19 16:56:54,897 [WARN] DbFile:41 - Overriding database path with different value: C:\Users\khale\.stmcufinder\plugins\mcufinder/ => C:\Users\khale\.stmcufinder\plugins\mcufinder
2023-11-19 16:56:54,897 [WARN] DbFile:41 - Overriding database path with different value: C:\Users\khale\.stmcufinder\plugins\mcufinder/ => C:\Users\khale\.stmcufinder\plugins\mcufinder
2023-11-19 16:56:54,898 [INFO] CrossReferenceDbSqlite:203 - Set database path to: C:\Users\khale\.stmcufinder\plugins\mcufinder//mcu/cs/
2023-11-19 16:56:54,925 [INFO] ApplicationProperties:184 - Using Application install path: C:\ST\STM32CubeIDE_1.13.2\STM32CubeIDE\plugins\com.st.stm32cube.common.mx_6.9.2.202309101412
2023-11-19 16:56:54,928 [INFO] PluginManage:196 - Search for loadable plugins [exclusion list=, ]
2023-11-19 16:56:54,931 [INFO] PluginManage:310 - Check plugin analytics
2023-11-19 16:56:55,291 [INFO] AnalyticsPlugin:253 - Accepted Software Licenses: 
2023-11-19 16:56:55,292 [INFO] AnalyticsPlugin:255 - Accepted CMSIS Pack Licenses: 
2023-11-19 16:56:55,292 [INFO] AnalyticsPlugin:257 - Accepted Firmware Licenses: FW.F4.1.27.0
2023-11-19 16:56:55,298 [INFO] PluginManage:359 - Loaded plugin analytics (category:tool,tabindex:-1)
2023-11-19 16:56:55,299 [INFO] PluginManage:310 - Check plugin cadmodel
2023-11-19 16:56:55,308 [INFO] CADModel:105 - Init CAD model plugin
2023-11-19 16:56:55,308 [INFO] PluginManage:359 - Loaded plugin cadmodel (category:power,tabindex:5)
2023-11-19 16:56:55,310 [INFO] PluginManage:310 - Check plugin clock
2023-11-19 16:56:55,331 [INFO] PluginManage:359 - Loaded plugin clock (category:base,tabindex:2)
2023-11-19 16:56:55,331 [INFO] PluginManage:310 - Check plugin ddr
2023-11-19 16:56:55,336 [INFO] PluginManage:359 - Loaded plugin ddr (category:tool,tabindex:6)
2023-11-19 16:56:55,337 [INFO] PluginManage:310 - Check plugin filemanager
2023-11-19 16:56:55,553 [INFO] PluginManage:359 - Loaded plugin filemanager (category:base,tabindex:10)
2023-11-19 16:56:55,554 [INFO] PluginManage:310 - Check plugin ipmanager
2023-11-19 16:56:55,589 [INFO] PluginManage:359 - Loaded plugin ipmanager (category:base,tabindex:5)
2023-11-19 16:56:55,589 [INFO] PluginManage:310 - Check plugin lpbam
2023-11-19 16:56:55,612 [INFO] PluginManage:359 - Loaded plugin lpbam (category:base,tabindex:0)
2023-11-19 16:56:55,613 [INFO] PluginManage:310 - Check plugin memorymap
2023-11-19 16:56:55,646 [INFO] PluginManage:359 - Loaded plugin memorymap (category:base,tabindex:4)
2023-11-19 16:56:55,647 [INFO] PluginManage:310 - Check plugin pinoutandconfiguration
2023-11-19 16:56:55,664 [INFO] PluginManage:359 - Loaded plugin pinoutandconfiguration (category:base,tabindex:1)
2023-11-19 16:56:55,664 [INFO] PluginManage:310 - Check plugin pinoutconfig
2023-11-19 16:56:55,819 [WARN] SupportedApi:132 - Cannot load RTOS API schema: s4s-elt-must-match.1: The content of 'definitions' must match (annotation?, (simpleType | complexType)?, (unique | key | keyref)*)). A problem was found starting at: attribute.
2023-11-19 16:56:56,112 [INFO] PluginManage:359 - Loaded plugin pinoutconfig (category:base,tabindex:0)
2023-11-19 16:56:56,112 [INFO] PluginManage:310 - Check plugin power
2023-11-19 16:56:56,133 [INFO] PluginManage:359 - Loaded plugin power (category:power,tabindex:4)
2023-11-19 16:56:56,135 [INFO] PluginManage:310 - Check plugin projectmanager
2023-11-19 16:56:56,180 [INFO] PluginManage:359 - Loaded plugin projectmanager (category:projectmanager,tabindex:3)
2023-11-19 16:56:56,181 [INFO] PluginManage:310 - Check plugin thirdparty
2023-11-19 16:56:56,414 [INFO] PluginManage:359 - Loaded plugin thirdparty (category:base,tabindex:-1)
2023-11-19 16:56:56,414 [WARN] IntegrityCheckThread:84 - waiting for thirdparty lock release [integrity check]
2023-11-19 16:56:56,414 [INFO] PluginManage:310 - Check plugin tools
2023-11-19 16:56:56,414 [INFO] IntegrityCheckThread:86 - entering critical section [integrity check]
2023-11-19 16:56:56,416 [INFO] ThirdPartyUpdaterWithRetryManager:70 - Updater plugin not ready yet. [1/15]
2023-11-19 16:56:56,419 [INFO] PluginManage:359 - Loaded plugin tools (category:base,tabindex:7)
2023-11-19 16:56:56,420 [INFO] PluginManage:310 - Check plugin tutovideos
2023-11-19 16:56:56,737 [INFO] PluginManage:359 - Loaded plugin tutovideos (category:base,tabindex:-1)
2023-11-19 16:56:56,737 [INFO] PluginManage:310 - Check plugin updater
2023-11-19 16:56:56,758 [INFO] PluginManage:359 - Loaded plugin updater (category:base,tabindex:12)
2023-11-19 16:56:56,759 [INFO] PluginManage:310 - Check plugin userauth
2023-11-19 16:56:56,767 [INFO] UserAuth:113 - Init User Auth plugin
2023-11-19 16:56:56,767 [INFO] PluginManage:359 - Loaded plugin userauth (category:base,tabindex:14)
2023-11-19 16:56:56,768 [INFO] PluginManage:283 - PluginManage : Loaded plugins [17]
2023-11-19 16:56:57,136 [INFO] PinOutPanel:1499 - setPackage(No Configuration,No Configuration)
2023-11-19 16:56:57,343 [INFO] CADModel:165 - CPN selected for project level
2023-11-19 16:56:57,344 [INFO] CADModel:114 - Register for checkConnection events
2023-11-19 16:56:57,366 [INFO] IPUIPlugin:80 - create IPUIPlugin
2023-11-19 16:56:57,366 [INFO] PluginManager:220 - loadIPPluginJar : add adc
2023-11-19 16:56:57,370 [INFO] IPUIPlugin:80 - create IPUIPlugin
2023-11-19 16:56:57,370 [INFO] PluginManager:220 - loadIPPluginJar : add aes
2023-11-19 16:56:57,374 [INFO] IPUIPlugin:80 - create IPUIPlugin
2023-11-19 16:56:57,374 [INFO] PluginManager:220 - loadIPPluginJar : add can
2023-11-19 16:56:57,377 [INFO] IPUIPlugin:80 - create IPUIPlugin
2023-11-19 16:56:57,377 [INFO] PluginManager:220 - loadIPPluginJar : add comp
2023-11-19 16:56:57,382 [INFO] IPUIPlugin:80 - create IPUIPlugin
2023-11-19 16:56:57,383 [INFO] PluginManager:220 - loadIPPluginJar : add cryp
2023-11-19 16:56:57,386 [INFO] IPUIPlugin:80 - create IPUIPlugin
2023-11-19 16:56:57,386 [INFO] PluginManager:220 - loadIPPluginJar : add dfsdm
2023-11-19 16:56:57,395 [INFO] IPUIPlugin:80 - create IPUIPlugin
2023-11-19 16:56:57,397 [INFO] PluginManager:220 - loadIPPluginJar : add dma
2023-11-19 16:56:57,401 [INFO] IPUIPlugin:80 - create IPUIPlugin
2023-11-19 16:56:57,401 [INFO] PluginManager:220 - loadIPPluginJar : add dma3
2023-11-19 16:56:57,404 [INFO] IPUIPlugin:80 - create IPUIPlugin
2023-11-19 16:56:57,404 [INFO] PluginManager:220 - loadIPPluginJar : add fatfs
2023-11-19 16:56:57,411 [INFO] IPUIPlugin:80 - create IPUIPlugin
2023-11-19 16:56:57,412 [INFO] PluginManager:220 - loadIPPluginJar : add fmc
2023-11-19 16:56:57,420 [INFO] IPUIPlugin:80 - create IPUIPlugin
2023-11-19 16:56:57,421 [INFO] PluginManager:220 - loadIPPluginJar : add freertos
2023-11-19 16:56:57,423 [INFO] IPUIPlugin:80 - create IPUIPlugin
2023-11-19 16:56:57,424 [INFO] PluginManager:220 - loadIPPluginJar : add genericplugin
2023-11-19 16:56:57,427 [INFO] IPUIPlugin:80 - create IPUIPlugin
2023-11-19 16:56:57,427 [INFO] PluginManager:220 - loadIPPluginJar : add gfxmmu
2023-11-19 16:56:57,435 [INFO] IPUIPlugin:80 - create IPUIPlugin
2023-11-19 16:56:57,436 [INFO] PluginManager:220 - loadIPPluginJar : add gic
2023-11-19 16:56:57,444 [INFO] IPUIPlugin:80 - create IPUIPlugin
2023-11-19 16:56:57,444 [INFO] PluginManager:220 - loadIPPluginJar : add gpio
2023-11-19 16:56:57,449 [INFO] IPUIPlugin:80 - create IPUIPlugin
2023-11-19 16:56:57,449 [INFO] PluginManager:220 - loadIPPluginJar : add gtzc
2023-11-19 16:56:57,454 [INFO] IPUIPlugin:80 - create IPUIPlugin
2023-11-19 16:56:57,454 [INFO] PluginManager:220 - loadIPPluginJar : add hash
2023-11-19 16:56:57,459 [INFO] IPUIPlugin:80 - create IPUIPlugin
2023-11-19 16:56:57,459 [INFO] PluginManager:220 - loadIPPluginJar : add i2c
2023-11-19 16:56:57,463 [INFO] IPUIPlugin:80 - create IPUIPlugin
2023-11-19 16:56:57,464 [INFO] PluginManager:220 - loadIPPluginJar : add i2s
2023-11-19 16:56:57,468 [INFO] IPUIPlugin:80 - create IPUIPlugin
2023-11-19 16:56:57,469 [INFO] PluginManager:220 - loadIPPluginJar : add i3c
2023-11-19 16:56:57,474 [INFO] IPUIPlugin:80 - create IPUIPlugin
2023-11-19 16:56:57,474 [INFO] PluginManager:220 - loadIPPluginJar : add ipddr
2023-11-19 16:56:57,485 [INFO] IPUIPlugin:80 - create IPUIPlugin
2023-11-19 16:56:57,485 [INFO] PluginManager:220 - loadIPPluginJar : add linkedlist
2023-11-19 16:56:57,490 [INFO] IPUIPlugin:80 - create IPUIPlugin
2023-11-19 16:56:57,491 [INFO] PluginManager:220 - loadIPPluginJar : add lorawan
2023-11-19 16:56:57,493 [INFO] IPUIPlugin:80 - create IPUIPlugin
2023-11-19 16:56:57,493 [INFO] PluginManager:220 - loadIPPluginJar : add ltdc
2023-11-19 16:56:57,502 [INFO] IPUIPlugin:80 - create IPUIPlugin
2023-11-19 16:56:57,502 [INFO] PluginManager:220 - loadIPPluginJar : add mdma
2023-11-19 16:56:57,509 [INFO] IPUIPlugin:80 - create IPUIPlugin
2023-11-19 16:56:57,510 [INFO] PluginManager:220 - loadIPPluginJar : add nvic
2023-11-19 16:56:57,515 [INFO] IPUIPlugin:80 - create IPUIPlugin
2023-11-19 16:56:57,515 [INFO] PluginManager:220 - loadIPPluginJar : add opamp
2023-11-19 16:56:57,522 [INFO] IPUIPlugin:80 - create IPUIPlugin
2023-11-19 16:56:57,522 [INFO] PluginManager:220 - loadIPPluginJar : add openamp
2023-11-19 16:56:57,529 [INFO] IPUIPlugin:80 - create IPUIPlugin
2023-11-19 16:56:57,530 [INFO] PluginManager:220 - loadIPPluginJar : add pdm2pcm
2023-11-19 16:56:57,543 [INFO] IPUIPlugin:80 - create IPUIPlugin
2023-11-19 16:56:57,549 [INFO] PluginManager:220 - loadIPPluginJar : add plateformsettings
2023-11-19 16:56:57,553 [INFO] IPUIPlugin:80 - create IPUIPlugin
2023-11-19 16:56:57,553 [INFO] PluginManager:220 - loadIPPluginJar : add quadspi
2023-11-19 16:56:57,560 [INFO] IPUIPlugin:80 - create IPUIPlugin
2023-11-19 16:56:57,560 [INFO] PluginManager:220 - loadIPPluginJar : add resmgrutility
2023-11-19 16:56:57,566 [INFO] IPUIPlugin:80 - create IPUIPlugin
2023-11-19 16:56:57,567 [INFO] PluginManager:220 - loadIPPluginJar : add sai
2023-11-19 16:56:57,571 [INFO] IPUIPlugin:80 - create IPUIPlugin
2023-11-19 16:56:57,571 [INFO] PluginManager:220 - loadIPPluginJar : add spi
2023-11-19 16:56:57,580 [INFO] IPUIPlugin:80 - create IPUIPlugin
2023-11-19 16:56:57,580 [INFO] PluginManager:220 - loadIPPluginJar : add stm32_wpan
2023-11-19 16:56:57,584 [INFO] IPUIPlugin:80 - create IPUIPlugin
2023-11-19 16:56:57,585 [INFO] PluginManager:220 - loadIPPluginJar : add tim
2023-11-19 16:56:57,592 [INFO] IPUIPlugin:80 - create IPUIPlugin
2023-11-19 16:56:57,593 [INFO] PluginManager:220 - loadIPPluginJar : add touchsensing
2023-11-19 16:56:57,597 [INFO] IPUIPlugin:80 - create IPUIPlugin
2023-11-19 16:56:57,597 [INFO] PluginManager:220 - loadIPPluginJar : add tracer_emb
2023-11-19 16:56:57,601 [INFO] IPUIPlugin:80 - create IPUIPlugin
2023-11-19 16:56:57,601 [INFO] PluginManager:220 - loadIPPluginJar : add ts
2023-11-19 16:56:57,604 [INFO] IPUIPlugin:80 - create IPUIPlugin
2023-11-19 16:56:57,604 [INFO] PluginManager:220 - loadIPPluginJar : add tsc
2023-11-19 16:56:57,608 [INFO] IPUIPlugin:80 - create IPUIPlugin
2023-11-19 16:56:57,608 [INFO] PluginManager:220 - loadIPPluginJar : add ucpd
2023-11-19 16:56:57,613 [INFO] IPUIPlugin:80 - create IPUIPlugin
2023-11-19 16:56:57,614 [INFO] PluginManager:220 - loadIPPluginJar : add usart
2023-11-19 16:56:57,619 [INFO] IPUIPlugin:80 - create IPUIPlugin
2023-11-19 16:56:57,619 [INFO] PluginManager:220 - loadIPPluginJar : add usbx
2023-11-19 16:56:57,820 [INFO] CADModel:165 - CPN selected for project level
2023-11-19 16:56:57,820 [INFO] CADModel:114 - Register for checkConnection events
2023-11-19 16:56:57,821 [FATAL] Updater:308 - Updater called before beeing initialized
2023-11-19 16:56:57,821 [ERROR] CADModel:125 - Updater not yet initialized, retry later 
2023-11-19 16:56:58,027 [INFO] CADModel:165 - CPN selected for project level
2023-11-19 16:56:58,028 [INFO] CADModel:114 - Register for checkConnection events
2023-11-19 16:56:58,028 [FATAL] Updater:308 - Updater called before beeing initialized
2023-11-19 16:56:58,028 [ERROR] CADModel:125 - Updater not yet initialized, retry later 
2023-11-19 16:56:58,033 [FATAL] Updater:308 - Updater called before beeing initialized
2023-11-19 16:56:58,267 [FATAL] Updater:308 - Updater called before beeing initialized
2023-11-19 16:56:58,281 [INFO] DbMcusAds:53 - JSON generation date=Tue Mar 07 10:50:55 EET 2023 (1678179055335)
2023-11-19 16:56:58,283 [FATAL] Updater:308 - Updater called before beeing initialized
2023-11-19 16:56:58,359 [WARN] DetailPanel:346 - Failed to get advertising image, set to default
2023-11-19 16:56:58,538 [FATAL] Updater:308 - Updater called before beeing initialized
2023-11-19 16:56:58,541 [FATAL] Updater:308 - Updater called before beeing initialized
2023-11-19 16:56:58,541 [FATAL] Updater:308 - Updater called before beeing initialized
2023-11-19 16:56:58,542 [WARN] DetailPanel:346 - Failed to get advertising image, set to default
2023-11-19 16:56:58,544 [FATAL] Updater:308 - Updater called before beeing initialized
2023-11-19 16:56:58,640 [ERROR] Updater:1120 - MainUpdater not yet initialized. External WinMGr cannot be set.
2023-11-19 16:56:58,643 [INFO] Updater:1056 - Updater Version found : 6.9.2
2023-11-19 16:56:58,674 [INFO] ApplicationProperties:184 - Using Application install path: C:\ST\STM32CubeIDE_1.13.2\STM32CubeIDE\plugins\com.st.stm32cube.common.mx_6.9.2.202309101412
2023-11-19 16:56:58,882 [INFO] MainUpdater:2868 - connection check result : 10
2023-11-19 16:56:58,884 [INFO] MainUpdater:285 - Updater Check For Update Now.
2023-11-19 16:56:58,884 [INFO] MicroXplorer:498 - Change Database Version : DB.6.0.92
2023-11-19 16:56:58,895 [INFO] McuFinderGlobals:63 - Set McuFinder mode to 2 (CubeIDE integrated)
2023-11-19 16:56:59,238 [INFO] CheckServerUpdateThread:120 - End of CheckServer Thread
2023-11-19 16:57:00,009 [WARN] PackLoader:240 - Cannot read IP mode file for STMicroelectronics.X-CUBE-SMBUS.2.1.0
2023-11-19 16:57:00,113 [WARN] PackLoader:240 - Cannot read IP mode file for STMicroelectronics.X-CUBE-AZRTOS-F7.1.1.0
2023-11-19 16:57:00,153 [WARN] PackLoader:240 - Cannot read IP mode file for STMicroelectronics.FP-SNS-MOTENV1.4.3.2
2023-11-19 16:57:00,177 [WARN] PackLoader:240 - Cannot read IP mode file for STMicroelectronics.X-CUBE-BLE1.6.2.4
2023-11-19 16:57:00,190 [WARN] PackLoader:240 - Cannot read IP mode file for STMicroelectronics.FP-SNS-FLIGHT1.5.0.2
2023-11-19 16:57:00,210 [WARN] PackLoader:240 - Cannot read IP mode file for STMicroelectronics.X-CUBE-DISPLAY.3.0.0
2023-11-19 16:57:00,236 [WARN] PackLoader:240 - Cannot read IP mode file for STMicroelectronics.X-CUBE-BLE1.7.0.0
2023-11-19 16:57:00,271 [WARN] PackLoader:240 - Cannot read IP mode file for emotas.I-CUBE-CANOPEN.1.3.0
2023-11-19 16:57:00,282 [WARN] PackLoader:240 - Cannot read IP mode file for STMicroelectronics.X-CUBE-TOUCHGFX.4.22.0
2023-11-19 16:57:00,288 [WARN] PackLoader:240 - Cannot read IP mode file for STMicroelectronics.X-CUBE-TOUCHGFX.4.22.1
2023-11-19 16:57:00,301 [WARN] PackLoader:240 - Cannot read IP mode file for STMicroelectronics.FP-SNS-SMARTAG2.1.2.0
2023-11-19 16:57:00,332 [INFO] LogOutputStream:77 - [STDOUT_REDIRECT] 1 : Invalid condition id : UX_CORESTACK_Condition cause : null
2023-11-19 16:57:00,333 [INFO] LogOutputStream:77 - [STDOUT_REDIRECT] 1 : Invalid condition id : UX_CORESTACK_Condition cause : null
2023-11-19 16:57:00,336 [INFO] LogOutputStream:77 - [STDOUT_REDIRECT] 1 : Invalid condition id : UX_CORESTACK_Condition cause : null
2023-11-19 16:57:00,339 [INFO] LogOutputStream:77 - [STDOUT_REDIRECT] 1 : Invalid condition id : UX_CORESTACK_Condition cause : null
2023-11-19 16:57:00,342 [INFO] LogOutputStream:77 - [STDOUT_REDIRECT] 1 : Invalid condition id : UX_CORESTACK_Condition cause : null
2023-11-19 16:57:00,354 [WARN] PackLoader:240 - Cannot read IP mode file for STMicroelectronics.X-CUBE-AZRTOS-WL.2.0.0
2023-11-19 16:57:00,386 [WARN] PackLoader:240 - Cannot read IP mode file for WES.I-CUBE-Cesium.1.3.0
2023-11-19 16:57:00,401 [WARN] PackLoader:240 - Cannot read IP mode file for STMicroelectronics.X-CUBE-BLE2.3.3.0
2023-11-19 16:57:00,418 [WARN] PackLoader:240 - Cannot read IP mode file for STMicroelectronics.X-CUBE-ALGOBUILD.1.3.0
2023-11-19 16:57:00,482 [WARN] PackLoader:240 - Cannot read IP mode file for STMicroelectronics.X-CUBE-AZRTOS-G0.1.1.0
2023-11-19 16:57:00,505 [WARN] PackLoader:240 - Cannot read IP mode file for STMicroelectronics.X-CUBE-NFC4.3.0.0
2023-11-19 16:57:00,539 [WARN] PackLoader:240 - Cannot read IP mode file for STMicroelectronics.X-CUBE-BLEMGR.3.0.0
2023-11-19 16:57:00,554 [WARN] PackLoader:240 - Cannot read IP mode file for STMicroelectronics.FP-ATR-SIGFOX1.3.2.0
2023-11-19 16:57:00,664 [WARN] PackLoader:240 - Cannot read IP mode file for SEGGER.I-CUBE-embOS.1.3.1
2023-11-19 16:57:00,858 [WARN] PackLoader:240 - Cannot read IP mode file for STMicroelectronics.X-CUBE-GNSS1.6.0.0
2023-11-19 16:57:00,905 [WARN] PackLoader:240 - Cannot read IP mode file for STMicroelectronics.X-CUBE-AZRTOS-F4.1.1.0
2023-11-19 16:57:00,920 [WARN] PackLoader:240 - Cannot read IP mode file for wolfSSL.I-CUBE-wolfSSL.5.6.3
2023-11-19 16:57:00,979 [WARN] PackLoader:240 - Cannot read IP mode file for STMicroelectronics.X-CUBE-AZRTOS-L5.2.0.0
2023-11-19 16:57:01,133 [WARN] PackLoader:240 - Cannot read IP mode file for STMicroelectronics.X-CUBE-MEMS1.9.6.0
2023-11-19 16:57:01,585 [WARN] PackLoader:240 - Cannot read IP mode file for STMicroelectronics.X-CUBE-EEPRMA1.4.2.0
2023-11-19 16:57:01,598 [WARN] PackLoader:240 - Cannot read IP mode file for ITTIA_DB.I-CUBE-ITTIADB.8.8.0
2023-11-19 16:57:01,612 [WARN] PackLoader:240 - Cannot read IP mode file for STMicroelectronics.X-CUBE-BLEMGR.2.0.0
2023-11-19 16:57:01,654 [WARN] ConditionMgr:438 - getConditionDescription Invalid condition id : UX DEVICE CLASS RTOS Condition cause : null
2023-11-19 16:57:01,654 [WARN] ConditionMgr:438 - getConditionDescription Invalid condition id : UX DEVICE CLASS RTOS Condition cause : null
2023-11-19 16:57:01,662 [WARN] PackLoader:240 - Cannot read IP mode file for STMicroelectronics.X-CUBE-AZRTOS-H7.3.1.0
2023-11-19 16:57:01,664 [WARN] ConditionMgr:1039 - genDependencies : Invalid condition id : UX DEVICE CLASS RTOS Condition cause : null
2023-11-19 16:57:01,664 [WARN] ConditionMgr:1039 - genDependencies : Invalid condition id : UX DEVICE CLASS RTOS Condition cause : null
2023-11-19 16:57:01,666 [WARN] ConditionMgr:1039 - genDependencies : Invalid condition id : UX DEVICE CLASS RTOS Condition cause : null
2023-11-19 16:57:01,667 [WARN] ConditionMgr:1039 - genDependencies : Invalid condition id : UX DEVICE CLASS RTOS Condition cause : null
2023-11-19 16:57:01,668 [WARN] ConditionMgr:1039 - genDependencies : Invalid condition id : UX DEVICE CLASS RTOS Condition cause : null
2023-11-19 16:57:01,683 [WARN] PackLoader:240 - Cannot read IP mode file for STMicroelectronics.X-CUBE-NFC7.1.0.1
2023-11-19 16:57:01,699 [WARN] PackLoader:240 - Cannot read IP mode file for STMicroelectronics.X-CUBE-NFC6.3.0.0
2023-11-19 16:57:01,713 [WARN] PackLoader:240 - Cannot read IP mode file for STMicroelectronics.X-CUBE-EEPRMA1.4.1.0
2023-11-19 16:57:01,723 [WARN] PackLoader:240 - Cannot read IP mode file for STMicroelectronics.X-CUBE-AI.8.1.0
2023-11-19 16:57:01,765 [WARN] ConditionMgr:438 - getConditionDescription Invalid condition id : LAN8742 Phy interface Condition cause : null
2023-11-19 16:57:01,766 [WARN] PackLoader:240 - Cannot read IP mode file for STMicroelectronics.X-CUBE-AZRTOS-L4.2.0.0
2023-11-19 16:57:01,770 [WARN] ConditionMgr:1039 - genDependencies : Invalid condition id : LAN8742 Phy interface Condition cause : null
2023-11-19 16:57:01,770 [WARN] ConditionMgr:1039 - genDependencies : Invalid condition id : LAN8742 Phy interface Condition cause : null
2023-11-19 16:57:01,772 [WARN] ConditionMgr:1039 - genDependencies : Invalid condition id : LAN8742 Phy interface Condition cause : null
2023-11-19 16:57:01,791 [WARN] PackLoader:240 - Cannot read IP mode file for STMicroelectronics.X-CUBE-SFXS2LP1.4.0.0
2023-11-19 16:57:01,803 [WARN] PackLoader:240 - Cannot read IP mode file for STMicroelectronics.X-CUBE-ISPU.1.1.0
2023-11-19 16:57:01,834 [WARN] ConditionMgr:438 - getConditionDescription Invalid condition id : UX DEVICE CLASS RTOS Condition cause : null
2023-11-19 16:57:01,835 [WARN] ConditionMgr:438 - getConditionDescription Invalid condition id : UX DEVICE CLASS RTOS Condition cause : null
2023-11-19 16:57:01,839 [WARN] PackLoader:240 - Cannot read IP mode file for STMicroelectronics.X-CUBE-AZRTOS-WB.2.0.0
2023-11-19 16:57:01,849 [WARN] ConditionMgr:1039 - genDependencies : Invalid condition id : UX DEVICE CLASS RTOS Condition cause : null
2023-11-19 16:57:01,849 [WARN] ConditionMgr:1039 - genDependencies : Invalid condition id : UX DEVICE CLASS RTOS Condition cause : null
2023-11-19 16:57:01,851 [WARN] ConditionMgr:1039 - genDependencies : Invalid condition id : UX DEVICE CLASS RTOS Condition cause : null
2023-11-19 16:57:01,851 [WARN] ConditionMgr:1039 - genDependencies : Invalid condition id : UX DEVICE CLASS RTOS Condition cause : null
2023-11-19 16:57:01,852 [WARN] ConditionMgr:1039 - genDependencies : Invalid condition id : UX DEVICE CLASS RTOS Condition cause : null
2023-11-19 16:57:01,865 [WARN] PackLoader:240 - Cannot read IP mode file for STMicroelectronics.X-CUBE-FREERTOS.1.0.1
2023-11-19 16:57:01,909 [WARN] PackLoader:240 - Cannot read IP mode file for STMicroelectronics.X-CUBE-AZRTOS-L5.1.1.0
2023-11-19 16:57:01,921 [WARN] PackLoader:240 - Cannot read IP mode file for STMicroelectronics.X-CUBE-AI.8.0.1
2023-11-19 16:57:01,941 [WARN] PackLoader:240 - Cannot read IP mode file for STMicroelectronics.X-CUBE-SUBG2.5.0.0
2023-11-19 16:57:01,975 [WARN] PackLoader:240 - Cannot read IP mode file for STMicroelectronics.X-CUBE-TOF1.3.3.1
2023-11-19 16:57:02,030 [WARN] PackLoader:240 - Cannot read IP mode file for STMicroelectronics.X-CUBE-AZRTOS-G4.2.0.0
2023-11-19 16:57:02,063 [WARN] PackLoader:240 - Cannot read IP mode file for Infineon.AIROC-Wi-Fi-Bluetooth-STM32.1.5.1
2023-11-19 16:57:02,078 [WARN] PackLoader:240 - Cannot read IP mode file for STMicroelectronics.FP-SNS-MOTENVWB1.1.3.0
2023-11-19 16:57:02,169 [WARN] PackLoader:240 - Cannot read IP mode file for STMicroelectronics.X-CUBE-MEMS1.10.0.0
2023-11-19 16:57:02,490 [WARN] PackLoader:240 - Cannot read IP mode file for STMicroelectronics.X-CUBE-FREERTOS.1.1.0
2023-11-19 16:57:02,503 [WARN] PackLoader:240 - Cannot read IP mode file for portGmbH.I-Cube-SoM-uGOAL.1.1.0
2023-11-19 16:57:02,512 [WARN] PackLoader:240 - Cannot read IP mode file for STMicroelectronics.X-CUBE-ALS.1.0.1
2023-11-19 16:57:02,542 [WARN] PackLoader:240 - Cannot read IP mode file for STMicroelectronics.X-CUBE-AZRTOS-WB.1.1.0
2023-11-19 16:57:02,554 [WARN] PackLoader:240 - Cannot read IP mode file for STMicroelectronics.FP-ATR-ASTRA1.2.0.0
2023-11-19 16:57:02,555 [INFO] ThirdParty:978 - Integrity check success = true
2023-11-19 16:57:02,556 [INFO] IntegrityCheckThread:100 - exiting critical section [integrity check]
2023-11-19 16:57:02,556 [INFO] IntegrityCheckThread:103 - End integrity checks thread
2023-11-19 16:57:38,996 [INFO] Activator:176 - 


2023-11-19 16:57:39,000 [INFO] Activator:177 - !SESSION log4j initialized
2023-11-19 16:57:44,623 [INFO] LogOutputStream:77 - [STDOUT_REDIRECT] 
2023-11-19 16:58:11,458 [INFO] ApplicationProperties:184 - Using Application install path: C:\ST\STM32CubeIDE_1.13.2\STM32CubeIDE\plugins\com.st.stm32cube.common.mx_6.9.2.202309101412
2023-11-19 16:58:11,491 [INFO] DbMcusXml:78 - Set database path to: C:\ST\STM32CubeIDE_1.13.2\STM32CubeIDE\plugins\com.st.stm32cube.common.mx_6.9.2.202309101412\\db\/mcu/
2023-11-19 16:58:11,492 [INFO] ApiDb:274 - Set plugin database path to: C:\ST\STM32CubeIDE_1.13.2\STM32CubeIDE\plugins\com.st.stm32cube.common.mx_6.9.2.202309101412\\db\/plugins/boardmanager/
2023-11-19 16:58:11,493 [WARN] ApiDb:259 - Overriding images path with different value:  => C:\ST\STM32CubeIDE_1.13.2\STM32CubeIDE\plugins\com.st.stm32cube.common.mx_6.9.2.202309101412\\db\/plugins/mcufinder/images/
2023-11-19 16:58:11,514 [INFO] ApiDb:250 - Set database path to: C:\Users\khale\.stmcufinder\plugins\mcufinder//mcu/
2023-11-19 16:58:11,517 [INFO] DbMcusAds:125 - Set database path to: C:\Users\khale\.stmcufinder\plugins\mcufinder//mcu/
2023-11-19 16:58:11,640 [INFO] CrossReferenceDbSqlite:203 - Set database path to: C:\Users\khale\.stmcufinder\plugins\mcufinder//mcu/cs/
2023-11-19 16:58:11,873 [INFO] RulesReader:64 - Compatibility file has been processed (293 Rules)
2023-11-19 16:58:12,050 [INFO] DbMcusXml:78 - Set database path to: C:\ST\STM32CubeIDE_1.13.2\STM32CubeIDE\plugins\com.st.stm32cube.common.mx_6.9.2.202309101412\\db\/mcu/
2023-11-19 16:58:12,050 [INFO] ApiDb:274 - Set plugin database path to: C:\ST\STM32CubeIDE_1.13.2\STM32CubeIDE\plugins\com.st.stm32cube.common.mx_6.9.2.202309101412\\db\/plugins/boardmanager/
2023-11-19 16:58:12,051 [INFO] ApiDb:261 - Set plugin images path to: C:\ST\STM32CubeIDE_1.13.2\STM32CubeIDE\plugins\com.st.stm32cube.common.mx_6.9.2.202309101412\\db\/plugins/mcufinder/images/
2023-11-19 16:58:12,052 [WARN] DbFile:41 - Overriding database path with different value: C:\Users\khale\.stmcufinder\plugins\mcufinder/ => C:\Users\khale\.stmcufinder\plugins\mcufinder
2023-11-19 16:58:12,052 [INFO] ApiDb:250 - Set database path to: C:\Users\khale\.stmcufinder\plugins\mcufinder//mcu/
2023-11-19 16:58:12,053 [WARN] DbFile:41 - Overriding database path with different value: C:\Users\khale\.stmcufinder\plugins\mcufinder/ => C:\Users\khale\.stmcufinder\plugins\mcufinder
2023-11-19 16:58:12,053 [INFO] DbMcusAds:125 - Set database path to: C:\Users\khale\.stmcufinder\plugins\mcufinder//mcu/
2023-11-19 16:58:12,053 [WARN] DbFile:41 - Overriding database path with different value: C:\Users\khale\.stmcufinder\plugins\mcufinder/ => C:\Users\khale\.stmcufinder\plugins\mcufinder
2023-11-19 16:58:12,053 [WARN] DbFile:41 - Overriding database path with different value: C:\Users\khale\.stmcufinder\plugins\mcufinder/ => C:\Users\khale\.stmcufinder\plugins\mcufinder
2023-11-19 16:58:12,054 [INFO] CrossReferenceDbSqlite:203 - Set database path to: C:\Users\khale\.stmcufinder\plugins\mcufinder//mcu/cs/
2023-11-19 16:58:12,211 [INFO] MainPanel:262 - HeapMemory: 268435456
2023-11-19 16:58:12,484 [INFO] DbMcusXml:78 - Set database path to: C:\ST\STM32CubeIDE_1.13.2\STM32CubeIDE\plugins\com.st.stm32cube.common.mx_6.9.2.202309101412\\db\/mcu/
2023-11-19 16:58:12,484 [INFO] ApiDb:274 - Set plugin database path to: C:\ST\STM32CubeIDE_1.13.2\STM32CubeIDE\plugins\com.st.stm32cube.common.mx_6.9.2.202309101412\\db\/plugins/boardmanager/
2023-11-19 16:58:12,485 [INFO] ApiDb:261 - Set plugin images path to: C:\ST\STM32CubeIDE_1.13.2\STM32CubeIDE\plugins\com.st.stm32cube.common.mx_6.9.2.202309101412\\db\/plugins/mcufinder/images/
2023-11-19 16:58:12,485 [WARN] DbFile:41 - Overriding database path with different value: C:\Users\khale\.stmcufinder\plugins\mcufinder/ => C:\Users\khale\.stmcufinder\plugins\mcufinder
2023-11-19 16:58:12,486 [INFO] ApiDb:250 - Set database path to: C:\Users\khale\.stmcufinder\plugins\mcufinder//mcu/
2023-11-19 16:58:12,486 [WARN] DbFile:41 - Overriding database path with different value: C:\Users\khale\.stmcufinder\plugins\mcufinder/ => C:\Users\khale\.stmcufinder\plugins\mcufinder
2023-11-19 16:58:12,486 [INFO] DbMcusAds:125 - Set database path to: C:\Users\khale\.stmcufinder\plugins\mcufinder//mcu/
2023-11-19 16:58:12,486 [WARN] DbFile:41 - Overriding database path with different value: C:\Users\khale\.stmcufinder\plugins\mcufinder/ => C:\Users\khale\.stmcufinder\plugins\mcufinder
2023-11-19 16:58:12,486 [WARN] DbFile:41 - Overriding database path with different value: C:\Users\khale\.stmcufinder\plugins\mcufinder/ => C:\Users\khale\.stmcufinder\plugins\mcufinder
2023-11-19 16:58:12,487 [INFO] CrossReferenceDbSqlite:203 - Set database path to: C:\Users\khale\.stmcufinder\plugins\mcufinder//mcu/cs/
2023-11-19 16:58:12,521 [INFO] ApplicationProperties:184 - Using Application install path: C:\ST\STM32CubeIDE_1.13.2\STM32CubeIDE\plugins\com.st.stm32cube.common.mx_6.9.2.202309101412
2023-11-19 16:58:12,524 [INFO] PluginManage:196 - Search for loadable plugins [exclusion list=, ]
2023-11-19 16:58:12,527 [INFO] PluginManage:310 - Check plugin analytics
2023-11-19 16:58:12,990 [INFO] AnalyticsPlugin:253 - Accepted Software Licenses: 
2023-11-19 16:58:12,991 [INFO] AnalyticsPlugin:255 - Accepted CMSIS Pack Licenses: 
2023-11-19 16:58:13,002 [INFO] AnalyticsPlugin:257 - Accepted Firmware Licenses: FW.F4.1.27.0
2023-11-19 16:58:13,018 [INFO] PluginManage:359 - Loaded plugin analytics (category:tool,tabindex:-1)
2023-11-19 16:58:13,028 [INFO] PluginManage:310 - Check plugin cadmodel
2023-11-19 16:58:13,045 [INFO] CADModel:105 - Init CAD model plugin
2023-11-19 16:58:13,046 [INFO] PluginManage:359 - Loaded plugin cadmodel (category:power,tabindex:5)
2023-11-19 16:58:13,047 [INFO] PluginManage:310 - Check plugin clock
2023-11-19 16:58:13,087 [INFO] PluginManage:359 - Loaded plugin clock (category:base,tabindex:2)
2023-11-19 16:58:13,090 [INFO] PluginManage:310 - Check plugin ddr
2023-11-19 16:58:13,094 [INFO] PluginManage:359 - Loaded plugin ddr (category:tool,tabindex:6)
2023-11-19 16:58:13,095 [INFO] PluginManage:310 - Check plugin filemanager
2023-11-19 16:58:13,375 [INFO] PluginManage:359 - Loaded plugin filemanager (category:base,tabindex:10)
2023-11-19 16:58:13,376 [INFO] PluginManage:310 - Check plugin ipmanager
2023-11-19 16:58:13,391 [INFO] PluginManage:359 - Loaded plugin ipmanager (category:base,tabindex:5)
2023-11-19 16:58:13,391 [INFO] PluginManage:310 - Check plugin lpbam
2023-11-19 16:58:13,408 [INFO] PluginManage:359 - Loaded plugin lpbam (category:base,tabindex:0)
2023-11-19 16:58:13,409 [INFO] PluginManage:310 - Check plugin memorymap
2023-11-19 16:58:13,432 [INFO] PluginManage:359 - Loaded plugin memorymap (category:base,tabindex:4)
2023-11-19 16:58:13,433 [INFO] PluginManage:310 - Check plugin pinoutandconfiguration
2023-11-19 16:58:13,450 [INFO] PluginManage:359 - Loaded plugin pinoutandconfiguration (category:base,tabindex:1)
2023-11-19 16:58:13,450 [INFO] PluginManage:310 - Check plugin pinoutconfig
2023-11-19 16:58:13,607 [WARN] SupportedApi:132 - Cannot load RTOS API schema: s4s-elt-must-match.1: The content of 'definitions' must match (annotation?, (simpleType | complexType)?, (unique | key | keyref)*)). A problem was found starting at: attribute.
2023-11-19 16:58:14,068 [INFO] PluginManage:359 - Loaded plugin pinoutconfig (category:base,tabindex:0)
2023-11-19 16:58:14,069 [INFO] PluginManage:310 - Check plugin power
2023-11-19 16:58:14,086 [INFO] PluginManage:359 - Loaded plugin power (category:power,tabindex:4)
2023-11-19 16:58:14,087 [INFO] PluginManage:310 - Check plugin projectmanager
2023-11-19 16:58:14,159 [INFO] PluginManage:359 - Loaded plugin projectmanager (category:projectmanager,tabindex:3)
2023-11-19 16:58:14,161 [INFO] PluginManage:310 - Check plugin thirdparty
2023-11-19 16:58:14,515 [INFO] PluginManage:359 - Loaded plugin thirdparty (category:base,tabindex:-1)
2023-11-19 16:58:14,516 [INFO] PluginManage:310 - Check plugin tools
2023-11-19 16:58:14,523 [INFO] PluginManage:359 - Loaded plugin tools (category:base,tabindex:7)
2023-11-19 16:58:14,523 [INFO] PluginManage:310 - Check plugin tutovideos
2023-11-19 16:58:14,560 [WARN] IntegrityCheckThread:84 - waiting for thirdparty lock release [integrity check]
2023-11-19 16:58:14,561 [INFO] IntegrityCheckThread:86 - entering critical section [integrity check]
2023-11-19 16:58:14,562 [INFO] ThirdPartyUpdaterWithRetryManager:70 - Updater plugin not ready yet. [1/15]
2023-11-19 16:58:15,151 [INFO] PluginManage:359 - Loaded plugin tutovideos (category:base,tabindex:-1)
2023-11-19 16:58:15,151 [INFO] PluginManage:310 - Check plugin updater
2023-11-19 16:58:15,253 [INFO] PluginManage:359 - Loaded plugin updater (category:base,tabindex:12)
2023-11-19 16:58:15,253 [INFO] PluginManage:310 - Check plugin userauth
2023-11-19 16:58:15,265 [INFO] UserAuth:113 - Init User Auth plugin
2023-11-19 16:58:15,265 [INFO] PluginManage:359 - Loaded plugin userauth (category:base,tabindex:14)
2023-11-19 16:58:15,267 [INFO] PluginManage:283 - PluginManage : Loaded plugins [17]
2023-11-19 16:58:16,072 [INFO] PinOutPanel:1499 - setPackage(No Configuration,No Configuration)
2023-11-19 16:58:16,395 [INFO] CADModel:165 - CPN selected for project level
2023-11-19 16:58:16,396 [INFO] CADModel:114 - Register for checkConnection events
2023-11-19 16:58:16,431 [INFO] IPUIPlugin:80 - create IPUIPlugin
2023-11-19 16:58:16,432 [INFO] PluginManager:220 - loadIPPluginJar : add adc
2023-11-19 16:58:16,438 [INFO] IPUIPlugin:80 - create IPUIPlugin
2023-11-19 16:58:16,439 [INFO] PluginManager:220 - loadIPPluginJar : add aes
2023-11-19 16:58:16,446 [INFO] IPUIPlugin:80 - create IPUIPlugin
2023-11-19 16:58:16,447 [INFO] PluginManager:220 - loadIPPluginJar : add can
2023-11-19 16:58:16,451 [INFO] IPUIPlugin:80 - create IPUIPlugin
2023-11-19 16:58:16,452 [INFO] PluginManager:220 - loadIPPluginJar : add comp
2023-11-19 16:58:16,458 [INFO] IPUIPlugin:80 - create IPUIPlugin
2023-11-19 16:58:16,459 [INFO] PluginManager:220 - loadIPPluginJar : add cryp
2023-11-19 16:58:16,465 [INFO] IPUIPlugin:80 - create IPUIPlugin
2023-11-19 16:58:16,465 [INFO] PluginManager:220 - loadIPPluginJar : add dfsdm
2023-11-19 16:58:16,480 [INFO] IPUIPlugin:80 - create IPUIPlugin
2023-11-19 16:58:16,481 [INFO] PluginManager:220 - loadIPPluginJar : add dma
2023-11-19 16:58:16,487 [INFO] IPUIPlugin:80 - create IPUIPlugin
2023-11-19 16:58:16,488 [INFO] PluginManager:220 - loadIPPluginJar : add dma3
2023-11-19 16:58:16,492 [INFO] IPUIPlugin:80 - create IPUIPlugin
2023-11-19 16:58:16,492 [INFO] PluginManager:220 - loadIPPluginJar : add fatfs
2023-11-19 16:58:16,502 [INFO] IPUIPlugin:80 - create IPUIPlugin
2023-11-19 16:58:16,503 [INFO] PluginManager:220 - loadIPPluginJar : add fmc
2023-11-19 16:58:16,519 [INFO] IPUIPlugin:80 - create IPUIPlugin
2023-11-19 16:58:16,520 [INFO] PluginManager:220 - loadIPPluginJar : add freertos
2023-11-19 16:58:16,532 [INFO] IPUIPlugin:80 - create IPUIPlugin
2023-11-19 16:58:16,532 [INFO] PluginManager:220 - loadIPPluginJar : add genericplugin
