2023-11-20 10:34:03,870 [INFO] Activator:176 - 


2023-11-20 10:34:03,886 [INFO] Activator:177 - !SESSION log4j initialized
2023-11-20 10:34:16,558 [INFO] LogOutputStream:77 - [STDOUT_REDIRECT] 
2023-11-20 10:34:17,658 [ERROR] ConfigurationRetriever:142 - IOException on connection: PKIX path building failed: sun.security.provider.certpath.SunCertPathBuilderException: unable to find valid certification path to requested target
2023-11-20 10:34:17,681 [ERROR] ConfigurationRetriever:142 - IOException on connection: PKIX path building failed: sun.security.provider.certpath.SunCertPathBuilderException: unable to find valid certification path to requested target
2023-11-20 10:34:17,710 [ERROR] ConfigurationRetriever:142 - IOException on connection: PKIX path building failed: sun.security.provider.certpath.SunCertPathBuilderException: unable to find valid certification path to requested target
2023-11-20 10:34:19,267 [INFO] ApplicationProperties:184 - Using Application install path: C:\ST\STM32CubeIDE_1.13.2\STM32CubeIDE\plugins\com.st.stm32cube.common.mx_6.9.2.202309101412
2023-11-20 10:34:19,316 [INFO] DbMcusXml:78 - Set database path to: C:\ST\STM32CubeIDE_1.13.2\STM32CubeIDE\plugins\com.st.stm32cube.common.mx_6.9.2.202309101412\\db\/mcu/
2023-11-20 10:34:19,317 [INFO] ApiDb:274 - Set plugin database path to: C:\ST\STM32CubeIDE_1.13.2\STM32CubeIDE\plugins\com.st.stm32cube.common.mx_6.9.2.202309101412\\db\/plugins/boardmanager/
2023-11-20 10:34:19,318 [WARN] ApiDb:259 - Overriding images path with different value:  => C:\ST\STM32CubeIDE_1.13.2\STM32CubeIDE\plugins\com.st.stm32cube.common.mx_6.9.2.202309101412\\db\/plugins/mcufinder/images/
2023-11-20 10:34:19,349 [INFO] ApiDb:250 - Set database path to: C:\Users\khale\.stmcufinder\plugins\mcufinder//mcu/
2023-11-20 10:34:19,351 [INFO] DbMcusAds:125 - Set database path to: C:\Users\khale\.stmcufinder\plugins\mcufinder//mcu/
2023-11-20 10:34:19,357 [INFO] CrossReferenceDbSqlite:203 - Set database path to: C:\Users\khale\.stmcufinder\plugins\mcufinder//mcu/cs/
2023-11-20 10:34:19,720 [INFO] RulesReader:64 - Compatibility file has been processed (293 Rules)
2023-11-20 10:34:19,972 [INFO] DbMcusXml:78 - Set database path to: C:\ST\STM32CubeIDE_1.13.2\STM32CubeIDE\plugins\com.st.stm32cube.common.mx_6.9.2.202309101412\\db\/mcu/
2023-11-20 10:34:19,973 [INFO] ApiDb:274 - Set plugin database path to: C:\ST\STM32CubeIDE_1.13.2\STM32CubeIDE\plugins\com.st.stm32cube.common.mx_6.9.2.202309101412\\db\/plugins/boardmanager/
2023-11-20 10:34:19,973 [INFO] ApiDb:261 - Set plugin images path to: C:\ST\STM32CubeIDE_1.13.2\STM32CubeIDE\plugins\com.st.stm32cube.common.mx_6.9.2.202309101412\\db\/plugins/mcufinder/images/
2023-11-20 10:34:19,974 [WARN] DbFile:41 - Overriding database path with different value: C:\Users\khale\.stmcufinder\plugins\mcufinder/ => C:\Users\khale\.stmcufinder\plugins\mcufinder
2023-11-20 10:34:19,974 [INFO] ApiDb:250 - Set database path to: C:\Users\khale\.stmcufinder\plugins\mcufinder//mcu/
2023-11-20 10:34:19,974 [WARN] DbFile:41 - Overriding database path with different value: C:\Users\khale\.stmcufinder\plugins\mcufinder/ => C:\Users\khale\.stmcufinder\plugins\mcufinder
2023-11-20 10:34:19,974 [INFO] DbMcusAds:125 - Set database path to: C:\Users\khale\.stmcufinder\plugins\mcufinder//mcu/
2023-11-20 10:34:19,975 [WARN] DbFile:41 - Overriding database path with different value: C:\Users\khale\.stmcufinder\plugins\mcufinder/ => C:\Users\khale\.stmcufinder\plugins\mcufinder
2023-11-20 10:34:19,975 [WARN] DbFile:41 - Overriding database path with different value: C:\Users\khale\.stmcufinder\plugins\mcufinder/ => C:\Users\khale\.stmcufinder\plugins\mcufinder
2023-11-20 10:34:19,975 [INFO] CrossReferenceDbSqlite:203 - Set database path to: C:\Users\khale\.stmcufinder\plugins\mcufinder//mcu/cs/
2023-11-20 10:34:20,198 [INFO] MainPanel:262 - HeapMemory: 268435456
2023-11-20 10:34:20,523 [INFO] DbMcusXml:78 - Set database path to: C:\ST\STM32CubeIDE_1.13.2\STM32CubeIDE\plugins\com.st.stm32cube.common.mx_6.9.2.202309101412\\db\/mcu/
2023-11-20 10:34:20,524 [INFO] ApiDb:274 - Set plugin database path to: C:\ST\STM32CubeIDE_1.13.2\STM32CubeIDE\plugins\com.st.stm32cube.common.mx_6.9.2.202309101412\\db\/plugins/boardmanager/
2023-11-20 10:34:20,524 [INFO] ApiDb:261 - Set plugin images path to: C:\ST\STM32CubeIDE_1.13.2\STM32CubeIDE\plugins\com.st.stm32cube.common.mx_6.9.2.202309101412\\db\/plugins/mcufinder/images/
2023-11-20 10:34:20,525 [WARN] DbFile:41 - Overriding database path with different value: C:\Users\khale\.stmcufinder\plugins\mcufinder/ => C:\Users\khale\.stmcufinder\plugins\mcufinder
2023-11-20 10:34:20,526 [INFO] ApiDb:250 - Set database path to: C:\Users\khale\.stmcufinder\plugins\mcufinder//mcu/
2023-11-20 10:34:20,526 [WARN] DbFile:41 - Overriding database path with different value: C:\Users\khale\.stmcufinder\plugins\mcufinder/ => C:\Users\khale\.stmcufinder\plugins\mcufinder
2023-11-20 10:34:20,526 [INFO] DbMcusAds:125 - Set database path to: C:\Users\khale\.stmcufinder\plugins\mcufinder//mcu/
2023-11-20 10:34:20,537 [WARN] DbFile:41 - Overriding database path with different value: C:\Users\khale\.stmcufinder\plugins\mcufinder/ => C:\Users\khale\.stmcufinder\plugins\mcufinder
2023-11-20 10:34:20,537 [WARN] DbFile:41 - Overriding database path with different value: C:\Users\khale\.stmcufinder\plugins\mcufinder/ => C:\Users\khale\.stmcufinder\plugins\mcufinder
2023-11-20 10:34:20,538 [INFO] CrossReferenceDbSqlite:203 - Set database path to: C:\Users\khale\.stmcufinder\plugins\mcufinder//mcu/cs/
2023-11-20 10:34:20,618 [INFO] ApplicationProperties:184 - Using Application install path: C:\ST\STM32CubeIDE_1.13.2\STM32CubeIDE\plugins\com.st.stm32cube.common.mx_6.9.2.202309101412
2023-11-20 10:34:20,622 [INFO] PluginManage:196 - Search for loadable plugins [exclusion list=, ]
2023-11-20 10:34:20,625 [INFO] PluginManage:310 - Check plugin analytics
2023-11-20 10:34:21,172 [INFO] AnalyticsPlugin:253 - Accepted Software Licenses: 
2023-11-20 10:34:21,173 [INFO] AnalyticsPlugin:255 - Accepted CMSIS Pack Licenses: 
2023-11-20 10:34:21,174 [INFO] AnalyticsPlugin:257 - Accepted Firmware Licenses: FW.F4.1.27.0
2023-11-20 10:34:21,179 [INFO] PluginManage:359 - Loaded plugin analytics (category:tool,tabindex:-1)
2023-11-20 10:34:21,180 [INFO] PluginManage:310 - Check plugin cadmodel
2023-11-20 10:34:21,192 [INFO] CADModel:105 - Init CAD model plugin
2023-11-20 10:34:21,193 [INFO] PluginManage:359 - Loaded plugin cadmodel (category:power,tabindex:5)
2023-11-20 10:34:21,193 [INFO] PluginManage:310 - Check plugin clock
2023-11-20 10:34:21,222 [INFO] PluginManage:359 - Loaded plugin clock (category:base,tabindex:2)
2023-11-20 10:34:21,222 [INFO] PluginManage:310 - Check plugin ddr
2023-11-20 10:34:21,228 [INFO] PluginManage:359 - Loaded plugin ddr (category:tool,tabindex:6)
2023-11-20 10:34:21,229 [INFO] PluginManage:310 - Check plugin filemanager
2023-11-20 10:34:21,278 [ERROR] ConfigurationRetriever:142 - IOException on connection: PKIX path building failed: sun.security.provider.certpath.SunCertPathBuilderException: unable to find valid certification path to requested target
2023-11-20 10:34:21,301 [ERROR] ConfigurationRetriever:142 - IOException on connection: PKIX path building failed: sun.security.provider.certpath.SunCertPathBuilderException: unable to find valid certification path to requested target
2023-11-20 10:34:21,336 [ERROR] ConfigurationRetriever:142 - IOException on connection: PKIX path building failed: sun.security.provider.certpath.SunCertPathBuilderException: unable to find valid certification path to requested target
2023-11-20 10:34:22,000 [INFO] PluginManage:359 - Loaded plugin filemanager (category:base,tabindex:10)
2023-11-20 10:34:22,000 [INFO] PluginManage:310 - Check plugin ipmanager
2023-11-20 10:34:22,018 [INFO] PluginManage:359 - Loaded plugin ipmanager (category:base,tabindex:5)
2023-11-20 10:34:22,019 [INFO] PluginManage:310 - Check plugin lpbam
2023-11-20 10:34:22,058 [INFO] PluginManage:359 - Loaded plugin lpbam (category:base,tabindex:0)
2023-11-20 10:34:22,059 [INFO] PluginManage:310 - Check plugin memorymap
2023-11-20 10:34:22,097 [INFO] PluginManage:359 - Loaded plugin memorymap (category:base,tabindex:4)
2023-11-20 10:34:22,098 [INFO] PluginManage:310 - Check plugin pinoutandconfiguration
2023-11-20 10:34:22,118 [INFO] PluginManage:359 - Loaded plugin pinoutandconfiguration (category:base,tabindex:1)
2023-11-20 10:34:22,118 [INFO] PluginManage:310 - Check plugin pinoutconfig
2023-11-20 10:34:22,388 [WARN] SupportedApi:132 - Cannot load RTOS API schema: s4s-elt-must-match.1: The content of 'definitions' must match (annotation?, (simpleType | complexType)?, (unique | key | keyref)*)). A problem was found starting at: attribute.
2023-11-20 10:34:22,791 [INFO] PluginManage:359 - Loaded plugin pinoutconfig (category:base,tabindex:0)
2023-11-20 10:34:22,792 [INFO] PluginManage:310 - Check plugin power
2023-11-20 10:34:22,818 [INFO] PluginManage:359 - Loaded plugin power (category:power,tabindex:4)
2023-11-20 10:34:22,819 [INFO] PluginManage:310 - Check plugin projectmanager
2023-11-20 10:34:22,874 [INFO] PluginManage:359 - Loaded plugin projectmanager (category:projectmanager,tabindex:3)
2023-11-20 10:34:22,874 [INFO] PluginManage:310 - Check plugin thirdparty
2023-11-20 10:34:23,248 [INFO] PluginManage:359 - Loaded plugin thirdparty (category:base,tabindex:-1)
2023-11-20 10:34:23,249 [INFO] PluginManage:310 - Check plugin tools
2023-11-20 10:34:23,257 [INFO] PluginManage:359 - Loaded plugin tools (category:base,tabindex:7)
2023-11-20 10:34:23,257 [INFO] PluginManage:310 - Check plugin tutovideos
2023-11-20 10:34:23,258 [WARN] IntegrityCheckThread:84 - waiting for thirdparty lock release [integrity check]
2023-11-20 10:34:23,258 [INFO] IntegrityCheckThread:86 - entering critical section [integrity check]
2023-11-20 10:34:23,265 [INFO] ThirdPartyUpdaterWithRetryManager:70 - Updater plugin not ready yet. [1/15]
2023-11-20 10:34:23,752 [INFO] PluginManage:359 - Loaded plugin tutovideos (category:base,tabindex:-1)
2023-11-20 10:34:23,752 [INFO] PluginManage:310 - Check plugin updater
2023-11-20 10:34:23,794 [INFO] PluginManage:359 - Loaded plugin updater (category:base,tabindex:12)
2023-11-20 10:34:23,794 [INFO] PluginManage:310 - Check plugin userauth
2023-11-20 10:34:23,805 [INFO] UserAuth:113 - Init User Auth plugin
2023-11-20 10:34:23,805 [INFO] PluginManage:359 - Loaded plugin userauth (category:base,tabindex:14)
2023-11-20 10:34:23,806 [INFO] PluginManage:283 - PluginManage : Loaded plugins [17]
2023-11-20 10:34:24,355 [INFO] PinOutPanel:1499 - setPackage(No Configuration,No Configuration)
2023-11-20 10:34:24,618 [INFO] CADModel:165 - CPN selected for project level
2023-11-20 10:34:24,618 [INFO] CADModel:114 - Register for checkConnection events
2023-11-20 10:34:24,659 [INFO] IPUIPlugin:80 - create IPUIPlugin
2023-11-20 10:34:24,659 [INFO] PluginManager:220 - loadIPPluginJar : add adc
2023-11-20 10:34:24,667 [INFO] IPUIPlugin:80 - create IPUIPlugin
2023-11-20 10:34:24,667 [INFO] PluginManager:220 - loadIPPluginJar : add aes
2023-11-20 10:34:24,674 [INFO] IPUIPlugin:80 - create IPUIPlugin
2023-11-20 10:34:24,674 [INFO] PluginManager:220 - loadIPPluginJar : add can
2023-11-20 10:34:24,678 [INFO] IPUIPlugin:80 - create IPUIPlugin
2023-11-20 10:34:24,679 [INFO] PluginManager:220 - loadIPPluginJar : add comp
2023-11-20 10:34:24,685 [INFO] IPUIPlugin:80 - create IPUIPlugin
2023-11-20 10:34:24,685 [INFO] PluginManager:220 - loadIPPluginJar : add cryp
2023-11-20 10:34:24,691 [INFO] IPUIPlugin:80 - create IPUIPlugin
2023-11-20 10:34:24,691 [INFO] PluginManager:220 - loadIPPluginJar : add dfsdm
2023-11-20 10:34:24,703 [INFO] IPUIPlugin:80 - create IPUIPlugin
2023-11-20 10:34:24,704 [INFO] PluginManager:220 - loadIPPluginJar : add dma
2023-11-20 10:34:24,711 [INFO] IPUIPlugin:80 - create IPUIPlugin
2023-11-20 10:34:24,712 [INFO] PluginManager:220 - loadIPPluginJar : add dma3
2023-11-20 10:34:24,716 [INFO] IPUIPlugin:80 - create IPUIPlugin
2023-11-20 10:34:24,717 [INFO] PluginManager:220 - loadIPPluginJar : add fatfs
2023-11-20 10:34:24,728 [INFO] IPUIPlugin:80 - create IPUIPlugin
2023-11-20 10:34:24,728 [INFO] PluginManager:220 - loadIPPluginJar : add fmc
2023-11-20 10:34:24,741 [INFO] IPUIPlugin:80 - create IPUIPlugin
2023-11-20 10:34:24,742 [INFO] PluginManager:220 - loadIPPluginJar : add freertos
2023-11-20 10:34:24,747 [INFO] IPUIPlugin:80 - create IPUIPlugin
2023-11-20 10:34:24,747 [INFO] PluginManager:220 - loadIPPluginJar : add genericplugin
2023-11-20 10:34:24,753 [INFO] IPUIPlugin:80 - create IPUIPlugin
2023-11-20 10:34:24,753 [INFO] PluginManager:220 - loadIPPluginJar : add gfxmmu
2023-11-20 10:34:24,764 [INFO] IPUIPlugin:80 - create IPUIPlugin
2023-11-20 10:34:24,765 [INFO] PluginManager:220 - loadIPPluginJar : add gic
2023-11-20 10:34:24,774 [INFO] IPUIPlugin:80 - create IPUIPlugin
2023-11-20 10:34:24,774 [INFO] PluginManager:220 - loadIPPluginJar : add gpio
2023-11-20 10:34:24,781 [INFO] IPUIPlugin:80 - create IPUIPlugin
2023-11-20 10:34:24,781 [INFO] PluginManager:220 - loadIPPluginJar : add gtzc
2023-11-20 10:34:24,788 [INFO] IPUIPlugin:80 - create IPUIPlugin
2023-11-20 10:34:24,788 [INFO] PluginManager:220 - loadIPPluginJar : add hash
2023-11-20 10:34:24,795 [INFO] IPUIPlugin:80 - create IPUIPlugin
2023-11-20 10:34:24,796 [INFO] PluginManager:220 - loadIPPluginJar : add i2c
2023-11-20 10:34:24,803 [INFO] IPUIPlugin:80 - create IPUIPlugin
2023-11-20 10:34:24,803 [INFO] PluginManager:220 - loadIPPluginJar : add i2s
2023-11-20 10:34:24,811 [INFO] IPUIPlugin:80 - create IPUIPlugin
2023-11-20 10:34:24,812 [INFO] PluginManager:220 - loadIPPluginJar : add i3c
2023-11-20 10:34:24,820 [INFO] IPUIPlugin:80 - create IPUIPlugin
2023-11-20 10:34:24,821 [INFO] PluginManager:220 - loadIPPluginJar : add ipddr
2023-11-20 10:34:24,839 [INFO] IPUIPlugin:80 - create IPUIPlugin
2023-11-20 10:34:24,839 [INFO] PluginManager:220 - loadIPPluginJar : add linkedlist
2023-11-20 10:34:24,846 [INFO] IPUIPlugin:80 - create IPUIPlugin
2023-11-20 10:34:24,846 [INFO] PluginManager:220 - loadIPPluginJar : add lorawan
2023-11-20 10:34:24,850 [INFO] IPUIPlugin:80 - create IPUIPlugin
2023-11-20 10:34:24,851 [INFO] PluginManager:220 - loadIPPluginJar : add ltdc
2023-11-20 10:34:24,867 [INFO] IPUIPlugin:80 - create IPUIPlugin
2023-11-20 10:34:24,868 [INFO] PluginManager:220 - loadIPPluginJar : add mdma
2023-11-20 10:34:24,876 [INFO] IPUIPlugin:80 - create IPUIPlugin
2023-11-20 10:34:24,877 [INFO] PluginManager:220 - loadIPPluginJar : add nvic
2023-11-20 10:34:24,884 [INFO] IPUIPlugin:80 - create IPUIPlugin
2023-11-20 10:34:24,884 [INFO] PluginManager:220 - loadIPPluginJar : add opamp
2023-11-20 10:34:24,893 [INFO] IPUIPlugin:80 - create IPUIPlugin
2023-11-20 10:34:24,893 [INFO] PluginManager:220 - loadIPPluginJar : add openamp
2023-11-20 10:34:24,901 [INFO] IPUIPlugin:80 - create IPUIPlugin
2023-11-20 10:34:24,901 [INFO] PluginManager:220 - loadIPPluginJar : add pdm2pcm
2023-11-20 10:34:24,915 [INFO] IPUIPlugin:80 - create IPUIPlugin
2023-11-20 10:34:24,921 [INFO] PluginManager:220 - loadIPPluginJar : add plateformsettings
2023-11-20 10:34:24,926 [INFO] IPUIPlugin:80 - create IPUIPlugin
2023-11-20 10:34:24,926 [INFO] PluginManager:220 - loadIPPluginJar : add quadspi
2023-11-20 10:34:24,936 [INFO] IPUIPlugin:80 - create IPUIPlugin
2023-11-20 10:34:24,937 [INFO] PluginManager:220 - loadIPPluginJar : add resmgrutility
2023-11-20 10:34:24,945 [INFO] IPUIPlugin:80 - create IPUIPlugin
2023-11-20 10:34:24,945 [INFO] PluginManager:220 - loadIPPluginJar : add sai
2023-11-20 10:34:24,951 [INFO] IPUIPlugin:80 - create IPUIPlugin
2023-11-20 10:34:24,952 [INFO] PluginManager:220 - loadIPPluginJar : add spi
2023-11-20 10:34:24,962 [INFO] IPUIPlugin:80 - create IPUIPlugin
2023-11-20 10:34:24,963 [INFO] PluginManager:220 - loadIPPluginJar : add stm32_wpan
2023-11-20 10:34:24,968 [INFO] IPUIPlugin:80 - create IPUIPlugin
2023-11-20 10:34:24,968 [INFO] PluginManager:220 - loadIPPluginJar : add tim
2023-11-20 10:34:24,976 [INFO] IPUIPlugin:80 - create IPUIPlugin
2023-11-20 10:34:24,977 [INFO] PluginManager:220 - loadIPPluginJar : add touchsensing
2023-11-20 10:34:24,982 [INFO] IPUIPlugin:80 - create IPUIPlugin
2023-11-20 10:34:24,983 [INFO] PluginManager:220 - loadIPPluginJar : add tracer_emb
2023-11-20 10:34:24,988 [INFO] IPUIPlugin:80 - create IPUIPlugin
2023-11-20 10:34:24,988 [INFO] PluginManager:220 - loadIPPluginJar : add ts
2023-11-20 10:34:24,993 [INFO] IPUIPlugin:80 - create IPUIPlugin
2023-11-20 10:34:24,993 [INFO] PluginManager:220 - loadIPPluginJar : add tsc
2023-11-20 10:34:24,998 [INFO] IPUIPlugin:80 - create IPUIPlugin
2023-11-20 10:34:24,999 [INFO] PluginManager:220 - loadIPPluginJar : add ucpd
2023-11-20 10:34:25,005 [INFO] IPUIPlugin:80 - create IPUIPlugin
2023-11-20 10:34:25,005 [INFO] PluginManager:220 - loadIPPluginJar : add usart
2023-11-20 10:34:25,012 [INFO] IPUIPlugin:80 - create IPUIPlugin
2023-11-20 10:34:25,013 [INFO] PluginManager:220 - loadIPPluginJar : add usbx
2023-11-20 10:34:25,229 [INFO] CADModel:165 - CPN selected for project level
2023-11-20 10:34:25,230 [INFO] CADModel:114 - Register for checkConnection events
2023-11-20 10:34:25,230 [FATAL] Updater:308 - Updater called before beeing initialized
2023-11-20 10:34:25,231 [ERROR] CADModel:125 - Updater not yet initialized, retry later 
2023-11-20 10:34:25,535 [INFO] CADModel:165 - CPN selected for project level
2023-11-20 10:34:25,535 [INFO] CADModel:114 - Register for checkConnection events
2023-11-20 10:34:25,535 [FATAL] Updater:308 - Updater called before beeing initialized
2023-11-20 10:34:25,535 [ERROR] CADModel:125 - Updater not yet initialized, retry later 
2023-11-20 10:34:25,544 [FATAL] Updater:308 - Updater called before beeing initialized
2023-11-20 10:34:25,970 [FATAL] Updater:308 - Updater called before beeing initialized
2023-11-20 10:34:25,983 [INFO] DbMcusAds:53 - JSON generation date=Tue Mar 07 10:50:55 EET 2023 (1678179055335)
2023-11-20 10:34:25,984 [FATAL] Updater:308 - Updater called before beeing initialized
2023-11-20 10:34:26,088 [WARN] DetailPanel:346 - Failed to get advertising image, set to default
2023-11-20 10:34:26,266 [INFO] ThirdPartyUpdaterWithRetryManager:70 - Updater plugin not ready yet. [2/15]
2023-11-20 10:34:26,355 [FATAL] Updater:308 - Updater called before beeing initialized
2023-11-20 10:34:26,359 [FATAL] Updater:308 - Updater called before beeing initialized
2023-11-20 10:34:26,359 [FATAL] Updater:308 - Updater called before beeing initialized
2023-11-20 10:34:26,360 [WARN] DetailPanel:346 - Failed to get advertising image, set to default
2023-11-20 10:34:26,362 [FATAL] Updater:308 - Updater called before beeing initialized
2023-11-20 10:34:26,462 [ERROR] Updater:1120 - MainUpdater not yet initialized. External WinMGr cannot be set.
2023-11-20 10:34:26,466 [INFO] Updater:1056 - Updater Version found : 6.9.2
2023-11-20 10:34:26,503 [INFO] ApplicationProperties:184 - Using Application install path: C:\ST\STM32CubeIDE_1.13.2\STM32CubeIDE\plugins\com.st.stm32cube.common.mx_6.9.2.202309101412
2023-11-20 10:34:27,545 [ERROR] ServerAccessManage:1172 - Problem during Server Connection :  IO error PKIX path building failed: sun.security.provider.certpath.SunCertPathBuilderException: unable to find valid certification path to requested target
2023-11-20 10:34:27,553 [INFO] MainUpdater:2868 - connection check result : 22
2023-11-20 10:34:27,555 [INFO] MainUpdater:285 - Updater Check For Update Now.
2023-11-20 10:34:27,555 [INFO] MicroXplorer:498 - Change Database Version : DB.6.0.92
2023-11-20 10:34:27,568 [INFO] McuFinderGlobals:63 - Set McuFinder mode to 2 (CubeIDE integrated)
2023-11-20 10:34:27,910 [INFO] CheckServerUpdateThread:120 - End of CheckServer Thread
2023-11-20 10:34:29,788 [WARN] PackLoader:240 - Cannot read IP mode file for STMicroelectronics.X-CUBE-SMBUS.2.1.0
2023-11-20 10:34:29,874 [WARN] PackLoader:240 - Cannot read IP mode file for STMicroelectronics.X-CUBE-AZRTOS-F7.1.1.0
2023-11-20 10:34:29,902 [WARN] PackLoader:240 - Cannot read IP mode file for STMicroelectronics.FP-SNS-MOTENV1.4.3.2
2023-11-20 10:34:29,933 [WARN] PackLoader:240 - Cannot read IP mode file for STMicroelectronics.X-CUBE-BLE1.6.2.4
2023-11-20 10:34:29,946 [WARN] PackLoader:240 - Cannot read IP mode file for STMicroelectronics.FP-SNS-FLIGHT1.5.0.2
2023-11-20 10:34:29,979 [WARN] PackLoader:240 - Cannot read IP mode file for STMicroelectronics.X-CUBE-DISPLAY.3.0.0
2023-11-20 10:34:30,003 [WARN] PackLoader:240 - Cannot read IP mode file for STMicroelectronics.X-CUBE-BLE1.7.0.0
2023-11-20 10:34:30,016 [WARN] PackLoader:240 - Cannot read IP mode file for emotas.I-CUBE-CANOPEN.1.3.0
2023-11-20 10:34:30,026 [WARN] PackLoader:240 - Cannot read IP mode file for STMicroelectronics.X-CUBE-TOUCHGFX.4.22.0
2023-11-20 10:34:30,032 [WARN] PackLoader:240 - Cannot read IP mode file for STMicroelectronics.X-CUBE-TOUCHGFX.4.22.1
2023-11-20 10:34:30,051 [WARN] PackLoader:240 - Cannot read IP mode file for STMicroelectronics.FP-SNS-SMARTAG2.1.2.0
2023-11-20 10:34:30,124 [INFO] LogOutputStream:77 - [STDOUT_REDIRECT] 1 : Invalid condition id : UX_CORESTACK_Condition cause : null
2023-11-20 10:34:30,125 [INFO] LogOutputStream:77 - [STDOUT_REDIRECT] 1 : Invalid condition id : UX_CORESTACK_Condition cause : null
2023-11-20 10:34:30,131 [INFO] LogOutputStream:77 - [STDOUT_REDIRECT] 1 : Invalid condition id : UX_CORESTACK_Condition cause : null
2023-11-20 10:34:30,135 [INFO] LogOutputStream:77 - [STDOUT_REDIRECT] 1 : Invalid condition id : UX_CORESTACK_Condition cause : null
2023-11-20 10:34:30,138 [INFO] LogOutputStream:77 - [STDOUT_REDIRECT] 1 : Invalid condition id : UX_CORESTACK_Condition cause : null
2023-11-20 10:34:30,147 [WARN] PackLoader:240 - Cannot read IP mode file for STMicroelectronics.X-CUBE-AZRTOS-WL.2.0.0
2023-11-20 10:34:30,172 [WARN] PackLoader:240 - Cannot read IP mode file for WES.I-CUBE-Cesium.1.3.0
2023-11-20 10:34:30,184 [WARN] PackLoader:240 - Cannot read IP mode file for STMicroelectronics.X-CUBE-BLE2.3.3.0
2023-11-20 10:34:30,240 [WARN] PackLoader:240 - Cannot read IP mode file for STMicroelectronics.X-CUBE-ALGOBUILD.1.3.0
2023-11-20 10:34:30,296 [WARN] PackLoader:240 - Cannot read IP mode file for STMicroelectronics.X-CUBE-AZRTOS-G0.1.1.0
2023-11-20 10:34:30,319 [WARN] PackLoader:240 - Cannot read IP mode file for STMicroelectronics.X-CUBE-NFC4.3.0.0
2023-11-20 10:34:30,350 [WARN] PackLoader:240 - Cannot read IP mode file for STMicroelectronics.X-CUBE-BLEMGR.3.0.0
2023-11-20 10:34:30,394 [WARN] PackLoader:240 - Cannot read IP mode file for STMicroelectronics.FP-ATR-SIGFOX1.3.2.0
2023-11-20 10:34:30,465 [WARN] PackLoader:240 - Cannot read IP mode file for SEGGER.I-CUBE-embOS.1.3.1
2023-11-20 10:34:30,618 [WARN] PackLoader:240 - Cannot read IP mode file for STMicroelectronics.X-CUBE-GNSS1.6.0.0
2023-11-20 10:34:30,675 [WARN] PackLoader:240 - Cannot read IP mode file for STMicroelectronics.X-CUBE-AZRTOS-F4.1.1.0
2023-11-20 10:34:30,692 [WARN] PackLoader:240 - Cannot read IP mode file for wolfSSL.I-CUBE-wolfSSL.5.6.3
2023-11-20 10:34:30,733 [WARN] PackLoader:240 - Cannot read IP mode file for STMicroelectronics.X-CUBE-AZRTOS-L5.2.0.0
2023-11-20 10:34:30,864 [WARN] PackLoader:240 - Cannot read IP mode file for STMicroelectronics.X-CUBE-MEMS1.9.6.0
2023-11-20 10:34:31,304 [WARN] PackLoader:240 - Cannot read IP mode file for STMicroelectronics.X-CUBE-EEPRMA1.4.2.0
2023-11-20 10:34:31,316 [WARN] PackLoader:240 - Cannot read IP mode file for ITTIA_DB.I-CUBE-ITTIADB.8.8.0
2023-11-20 10:34:31,332 [WARN] PackLoader:240 - Cannot read IP mode file for STMicroelectronics.X-CUBE-BLEMGR.2.0.0
2023-11-20 10:34:31,373 [WARN] ConditionMgr:438 - getConditionDescription Invalid condition id : UX DEVICE CLASS RTOS Condition cause : null
2023-11-20 10:34:31,374 [WARN] ConditionMgr:438 - getConditionDescription Invalid condition id : UX DEVICE CLASS RTOS Condition cause : null
2023-11-20 10:34:31,382 [WARN] PackLoader:240 - Cannot read IP mode file for STMicroelectronics.X-CUBE-AZRTOS-H7.3.1.0
2023-11-20 10:34:31,385 [WARN] ConditionMgr:1039 - genDependencies : Invalid condition id : UX DEVICE CLASS RTOS Condition cause : null
2023-11-20 10:34:31,386 [WARN] ConditionMgr:1039 - genDependencies : Invalid condition id : UX DEVICE CLASS RTOS Condition cause : null
2023-11-20 10:34:31,388 [WARN] ConditionMgr:1039 - genDependencies : Invalid condition id : UX DEVICE CLASS RTOS Condition cause : null
2023-11-20 10:34:31,388 [WARN] ConditionMgr:1039 - genDependencies : Invalid condition id : UX DEVICE CLASS RTOS Condition cause : null
2023-11-20 10:34:31,388 [WARN] ConditionMgr:1039 - genDependencies : Invalid condition id : UX DEVICE CLASS RTOS Condition cause : null
2023-11-20 10:34:31,400 [WARN] PackLoader:240 - Cannot read IP mode file for STMicroelectronics.X-CUBE-NFC7.1.0.1
2023-11-20 10:34:31,414 [WARN] PackLoader:240 - Cannot read IP mode file for STMicroelectronics.X-CUBE-NFC6.3.0.0
2023-11-20 10:34:31,427 [WARN] PackLoader:240 - Cannot read IP mode file for STMicroelectronics.X-CUBE-EEPRMA1.4.1.0
2023-11-20 10:34:31,438 [WARN] PackLoader:240 - Cannot read IP mode file for STMicroelectronics.X-CUBE-AI.8.1.0
2023-11-20 10:34:33,146 [WARN] ConditionMgr:438 - getConditionDescription Invalid condition id : LAN8742 Phy interface Condition cause : null
2023-11-20 10:34:33,147 [WARN] PackLoader:240 - Cannot read IP mode file for STMicroelectronics.X-CUBE-AZRTOS-L4.2.0.0
2023-11-20 10:34:33,150 [WARN] ConditionMgr:1039 - genDependencies : Invalid condition id : LAN8742 Phy interface Condition cause : null
2023-11-20 10:34:33,150 [WARN] ConditionMgr:1039 - genDependencies : Invalid condition id : LAN8742 Phy interface Condition cause : null
2023-11-20 10:34:33,151 [WARN] ConditionMgr:1039 - genDependencies : Invalid condition id : LAN8742 Phy interface Condition cause : null
2023-11-20 10:34:33,165 [WARN] PackLoader:240 - Cannot read IP mode file for STMicroelectronics.X-CUBE-SFXS2LP1.4.0.0
2023-11-20 10:34:33,175 [WARN] PackLoader:240 - Cannot read IP mode file for STMicroelectronics.X-CUBE-ISPU.1.1.0
2023-11-20 10:34:33,204 [WARN] ConditionMgr:438 - getConditionDescription Invalid condition id : UX DEVICE CLASS RTOS Condition cause : null
2023-11-20 10:34:33,205 [WARN] ConditionMgr:438 - getConditionDescription Invalid condition id : UX DEVICE CLASS RTOS Condition cause : null
2023-11-20 10:34:33,232 [WARN] PackLoader:240 - Cannot read IP mode file for STMicroelectronics.X-CUBE-AZRTOS-WB.2.0.0
2023-11-20 10:34:33,234 [WARN] ConditionMgr:1039 - genDependencies : Invalid condition id : UX DEVICE CLASS RTOS Condition cause : null
2023-11-20 10:34:33,234 [WARN] ConditionMgr:1039 - genDependencies : Invalid condition id : UX DEVICE CLASS RTOS Condition cause : null
2023-11-20 10:34:33,235 [WARN] ConditionMgr:1039 - genDependencies : Invalid condition id : UX DEVICE CLASS RTOS Condition cause : null
2023-11-20 10:34:33,236 [WARN] ConditionMgr:1039 - genDependencies : Invalid condition id : UX DEVICE CLASS RTOS Condition cause : null
2023-11-20 10:34:33,236 [WARN] ConditionMgr:1039 - genDependencies : Invalid condition id : UX DEVICE CLASS RTOS Condition cause : null
2023-11-20 10:34:33,249 [WARN] PackLoader:240 - Cannot read IP mode file for STMicroelectronics.X-CUBE-FREERTOS.1.0.1
2023-11-20 10:34:33,286 [WARN] PackLoader:240 - Cannot read IP mode file for STMicroelectronics.X-CUBE-AZRTOS-L5.1.1.0
2023-11-20 10:34:33,298 [WARN] PackLoader:240 - Cannot read IP mode file for STMicroelectronics.X-CUBE-AI.8.0.1
2023-11-20 10:34:33,322 [WARN] PackLoader:240 - Cannot read IP mode file for STMicroelectronics.X-CUBE-SUBG2.5.0.0
2023-11-20 10:34:33,357 [WARN] PackLoader:240 - Cannot read IP mode file for STMicroelectronics.X-CUBE-TOF1.3.3.1
2023-11-20 10:34:33,411 [WARN] PackLoader:240 - Cannot read IP mode file for STMicroelectronics.X-CUBE-AZRTOS-G4.2.0.0
2023-11-20 10:34:33,441 [WARN] PackLoader:240 - Cannot read IP mode file for Infineon.AIROC-Wi-Fi-Bluetooth-STM32.1.5.1
2023-11-20 10:34:33,456 [WARN] PackLoader:240 - Cannot read IP mode file for STMicroelectronics.FP-SNS-MOTENVWB1.1.3.0
2023-11-20 10:34:33,532 [WARN] PackLoader:240 - Cannot read IP mode file for STMicroelectronics.X-CUBE-MEMS1.10.0.0
2023-11-20 10:34:33,791 [WARN] PackLoader:240 - Cannot read IP mode file for STMicroelectronics.X-CUBE-FREERTOS.1.1.0
2023-11-20 10:34:33,801 [WARN] PackLoader:240 - Cannot read IP mode file for portGmbH.I-Cube-SoM-uGOAL.1.1.0
2023-11-20 10:34:33,810 [WARN] PackLoader:240 - Cannot read IP mode file for STMicroelectronics.X-CUBE-ALS.1.0.1
2023-11-20 10:34:33,835 [WARN] PackLoader:240 - Cannot read IP mode file for STMicroelectronics.X-CUBE-AZRTOS-WB.1.1.0
2023-11-20 10:34:33,844 [WARN] PackLoader:240 - Cannot read IP mode file for STMicroelectronics.FP-ATR-ASTRA1.2.0.0
2023-11-20 10:34:33,845 [INFO] ThirdParty:978 - Integrity check success = true
2023-11-20 10:34:33,846 [INFO] IntegrityCheckThread:100 - exiting critical section [integrity check]
2023-11-20 10:34:33,846 [INFO] IntegrityCheckThread:103 - End integrity checks thread
2023-11-20 10:34:49,179 [ERROR] LogOutputStream:75 - [STDERR_REDIRECT] SLF4J: Failed to load class "org.slf4j.impl.StaticLoggerBinder".
2023-11-20 10:34:49,180 [ERROR] LogOutputStream:75 - [STDERR_REDIRECT] SLF4J: Defaulting to no-operation (NOP) logger implementation
2023-11-20 10:34:49,183 [ERROR] LogOutputStream:75 - [STDERR_REDIRECT] SLF4J: See http://www.slf4j.org/codes.html#StaticLoggerBinder for further details.
